[2026-04-25 13:49:22,053][__main__][INFO] - Stage A config:
transport: rc_rdma
loss_rate: 0.0
seed: 7
steps: 500
warmup_steps: 10
data:
  root: ~/data/cifar10
  download: false
  batch_size: 128
  num_workers: 2
  pin_memory: false
model:
  name: resnet18
  num_classes: 10
optim:
  name: sgd
  lr: 0.1
  momentum: 0.9
  weight_decay: 0.0005
dist:
  world_size: 2
  master_addr: 10.10.1.1
  master_port: 29500
  semirdma_port: 32035
transport_cfg:
  dev_name: mlx5_2
  gid_index: 3
  buffer_bytes: 268435456
  chunk_bytes: 4096
  sq_depth: 8
  rq_depth: 16384
  ratio: 0.95
  timeout_ms: 200
  rc_timeout: 14
  rc_retry_cnt: 7

[2026-04-25 13:49:23,099][semirdma._bootstrap][INFO] - bootstrap: listening on 0.0.0.0:32035
[2026-04-25 13:49:23,100][semirdma._bootstrap][INFO] - bootstrap: peer ('10.10.1.3', 35546) connected
[2026-04-25 13:49:23,102][semirdma.baselines.rc_rdma_transport][INFO] - ReliableRDMATransport up: local qpn=706 -> remote qpn=693, remote rkey=0x1807f6 (qp_type=rc, timeout=14, retry_cnt=7)
[2026-04-25 13:49:23,103][semirdma._bootstrap][INFO] - bootstrap: connected to 10.10.1.3:32036
[2026-04-25 13:49:23,104][semirdma.baselines.rc_rdma_transport][INFO] - ReliableRDMATransport up: local qpn=707 -> remote qpn=692, remote rkey=0x1806f5 (qp_type=rc, timeout=14, retry_cnt=7)
[2026-04-25 13:49:23,104][semirdma.baselines.rc_rdma_hook][INFO] - RCRDMAHookState up: rank=0 tx qpn=706 rx qpn=707 (rc_timeout=14, rc_retry_cnt=7)
[2026-04-25 13:49:25,500][__main__][INFO] - step=0 loss=2.3294 iter_ms=1888.8
[2026-04-25 13:51:36,474][__main__][INFO] - step=50 loss=1.9992 iter_ms=1345.7
[2026-04-25 13:53:47,438][__main__][INFO] - step=100 loss=1.6281 iter_ms=3786.5
[2026-04-25 13:55:53,049][__main__][INFO] - step=150 loss=1.5929 iter_ms=2909.5
[2026-04-25 13:58:04,072][__main__][INFO] - step=200 loss=1.3023 iter_ms=1864.4
[2026-04-25 14:00:17,731][__main__][INFO] - step=250 loss=1.2952 iter_ms=2409.3
[2026-04-25 14:02:22,340][__main__][INFO] - step=300 loss=1.2964 iter_ms=2359.1
