[11:25:16] === P1 matrix start (ts=20260426_112516  cells=6  steps=500) ===
[11:25:16]     transports=[semirdma semirdma_layer_aware]  timeouts=[200]  drop_rates=[0 0.01 0.05]  seed=7
[11:25:16]     middlebox=chen123@amd186.utah.cloudlab.us  (XDP dropbox — wire-level Bernoulli drop on UDP:4791)
[11:25:16]     gid_index=3 (IPv4-mapped RoCE v2 — required for ARP-spoof steering)
[11:25:16]     root=/tmp/p0_prb_v3_20260426_100315/seed7
[11:25:16] 
[11:25:16] ########## DROP_RATE=0 block ##########
[11:25:17] set-rate 0 → 0 ppm
[11:25:19] === cell #0/6: cell_00_drop0_semirdma_t200 (t+3s) ===
[11:32:47]     this=0 peer=0  final_loss=1.111833  mean_iter_ms=871.90
[11:32:47] === cell #1/6: cell_01_drop0_semirdma_layer_aware_t200 (t+451s) ===
[11:39:17]     this=0 peer=0  final_loss=1.240513  mean_iter_ms=746.46
[11:39:17] 
[11:39:17] ########## DROP_RATE=0.01 block ##########
[11:39:17] set-rate 0.01 → 10000 ppm
[11:39:19] === cell #2/6: cell_02_drop0.01_semirdma_t200 (t+843s) ===
[11:47:44]     this=0 peer=0  final_loss=1.102832  mean_iter_ms=982.49
[11:47:44] === cell #3/6: cell_03_drop0.01_semirdma_layer_aware_t200 (t+1348s) ===
[11:54:21]     this=0 peer=0  final_loss=1.326528  mean_iter_ms=763.62
[11:54:21] 
[11:54:21] ########## DROP_RATE=0.05 block ##########
[11:54:21] set-rate 0.05 → 50000 ppm
[11:54:23] === cell #4/6: cell_04_drop0.05_semirdma_t200 (t+1747s) ===
[12:02:16]     this=0 peer=0  final_loss=1.035476  mean_iter_ms=916.26
[12:02:16] === cell #5/6: cell_05_drop0.05_semirdma_layer_aware_t200 (t+2220s) ===
[12:08:52]     this=0 peer=0  final_loss=1.239786  mean_iter_ms=759.65
[12:08:53] set-rate 0 → 0 ppm
[12:08:55] 
[12:08:55] === P1 matrix done.  total elapsed: 2619s  cells: 6 ===
[12:08:55] 
[12:08:55] === summary ===
idx  drop_rate  transport             timeout_ms  rc  final_loss  mean_iter_ms  cell_dir
0    0          semirdma              200         0   1.111833    871.90        /tmp/p0_prb_v3_20260426_100315/seed7/cell_00_drop0_semirdma_t200
1    0          semirdma_layer_aware  200         0   1.240513    746.46        /tmp/p0_prb_v3_20260426_100315/seed7/cell_01_drop0_semirdma_layer_aware_t200
2    0.01       semirdma              200         0   1.102832    982.49        /tmp/p0_prb_v3_20260426_100315/seed7/cell_02_drop0.01_semirdma_t200
3    0.01       semirdma_layer_aware  200         0   1.326528    763.62        /tmp/p0_prb_v3_20260426_100315/seed7/cell_03_drop0.01_semirdma_layer_aware_t200
4    0.05       semirdma              200         0   1.035476    916.26        /tmp/p0_prb_v3_20260426_100315/seed7/cell_04_drop0.05_semirdma_t200
5    0.05       semirdma_layer_aware  200         0   1.239786    759.65        /tmp/p0_prb_v3_20260426_100315/seed7/cell_05_drop0.05_semirdma_layer_aware_t200
[12:08:55] 
[12:08:55] === output tree ===
/tmp/p0_prb_v3_20260426_100315/seed7/cell_00_drop0_semirdma_t200/
/tmp/p0_prb_v3_20260426_100315/seed7/cell_01_drop0_semirdma_layer_aware_t200/
/tmp/p0_prb_v3_20260426_100315/seed7/cell_02_drop0.01_semirdma_t200/
/tmp/p0_prb_v3_20260426_100315/seed7/cell_03_drop0.01_semirdma_layer_aware_t200/
/tmp/p0_prb_v3_20260426_100315/seed7/cell_04_drop0.05_semirdma_t200/
/tmp/p0_prb_v3_20260426_100315/seed7/cell_05_drop0.05_semirdma_layer_aware_t200/
