[2026-04-25 12:56:33,715][__main__][INFO] - Stage A config:
transport: rc_lossy
loss_rate: 0.01
seed: 123
steps: 500
warmup_steps: 10
data:
  root: ~/data/cifar10
  download: false
  batch_size: 128
  num_workers: 2
  pin_memory: false
model:
  name: resnet18
  num_classes: 10
optim:
  name: sgd
  lr: 0.1
  momentum: 0.9
  weight_decay: 0.0005
dist:
  world_size: 2
  master_addr: 10.10.1.1
  master_port: 29500
  semirdma_port: 32045
transport_cfg:
  dev_name: mlx5_2
  gid_index: 3
  buffer_bytes: 268435456
  chunk_bytes: 4096
  sq_depth: 8
  rq_depth: 16384
  ratio: 0.95
  timeout_ms: 200

[2026-04-25 12:56:35,487][__main__][INFO] - step=0 loss=2.2914 iter_ms=963.7
[2026-04-25 12:57:13,251][__main__][INFO] - step=50 loss=2.1391 iter_ms=691.4
[2026-04-25 12:57:52,986][__main__][INFO] - step=100 loss=1.8862 iter_ms=849.7
[2026-04-25 12:58:31,709][__main__][INFO] - step=150 loss=1.7426 iter_ms=764.0
[2026-04-25 12:59:09,058][__main__][INFO] - step=200 loss=1.5826 iter_ms=689.3
[2026-04-25 12:59:44,485][__main__][INFO] - step=250 loss=1.4913 iter_ms=735.0
[2026-04-25 13:00:20,145][__main__][INFO] - step=300 loss=1.4314 iter_ms=721.0
[2026-04-25 13:00:55,952][__main__][INFO] - step=350 loss=1.2500 iter_ms=704.7
[2026-04-25 13:01:32,011][__main__][INFO] - step=400 loss=1.3188 iter_ms=702.0
[2026-04-25 13:02:07,299][__main__][INFO] - step=450 loss=1.1202 iter_ms=685.2
[2026-04-25 13:02:41,151][__main__][INFO] - training done: 500 steps in 366.7s
