[2026-04-25 12:41:01,287][__main__][INFO] - Stage A config:
transport: rc_rdma
loss_rate: 0.0
seed: 123
steps: 500
warmup_steps: 10
data:
  root: ~/data/cifar10
  download: false
  batch_size: 128
  num_workers: 2
  pin_memory: false
model:
  name: resnet18
  num_classes: 10
optim:
  name: sgd
  lr: 0.1
  momentum: 0.9
  weight_decay: 0.0005
dist:
  world_size: 2
  master_addr: 10.10.1.1
  master_port: 29500
  semirdma_port: 32035
transport_cfg:
  dev_name: mlx5_2
  gid_index: 3
  buffer_bytes: 268435456
  chunk_bytes: 4096
  sq_depth: 8
  rq_depth: 16384
  ratio: 0.95
  timeout_ms: 200
  rc_timeout: 14
  rc_retry_cnt: 7

[2026-04-25 12:41:02,326][semirdma._bootstrap][INFO] - bootstrap: listening on 0.0.0.0:32035
[2026-04-25 12:41:02,519][semirdma._bootstrap][INFO] - bootstrap: peer ('10.10.1.3', 54696) connected
[2026-04-25 12:41:02,521][semirdma.baselines.rc_rdma_transport][INFO] - ReliableRDMATransport up: local qpn=694 -> remote qpn=681, remote rkey=0xae97 (qp_type=rc, timeout=14, retry_cnt=7)
[2026-04-25 12:41:02,522][semirdma._bootstrap][INFO] - bootstrap: connected to 10.10.1.3:32036
[2026-04-25 12:41:02,523][semirdma.baselines.rc_rdma_transport][INFO] - ReliableRDMATransport up: local qpn=695 -> remote qpn=680, remote rkey=0x9d7c (qp_type=rc, timeout=14, retry_cnt=7)
[2026-04-25 12:41:02,523][semirdma.baselines.rc_rdma_hook][INFO] - RCRDMAHookState up: rank=0 tx qpn=694 rx qpn=695 (rc_timeout=14, rc_retry_cnt=7)
[2026-04-25 12:41:08,047][__main__][INFO] - step=0 loss=2.2914 iter_ms=5016.5
[2026-04-25 12:43:04,240][__main__][INFO] - step=50 loss=2.0688 iter_ms=2681.0
[2026-04-25 12:45:09,367][__main__][INFO] - step=100 loss=1.7420 iter_ms=2928.5
[2026-04-25 12:47:03,976][__main__][INFO] - step=150 loss=1.5783 iter_ms=1630.0
[2026-04-25 12:49:00,209][__main__][INFO] - step=200 loss=1.6051 iter_ms=1886.6
[2026-04-25 12:50:55,654][__main__][INFO] - step=250 loss=1.4312 iter_ms=823.0
[2026-04-25 12:52:57,293][__main__][INFO] - step=300 loss=1.3449 iter_ms=2735.3
[2026-04-25 12:54:57,790][__main__][INFO] - step=350 loss=1.1503 iter_ms=2701.0
