[2026-04-23 04:52:07,134][__main__][INFO] - Stage A config:
transport: rc_lossy
loss_rate: 0.01
seed: 123
steps: 500
warmup_steps: 10
data:
  root: ~/data/cifar10
  download: false
  batch_size: 128
  num_workers: 2
  pin_memory: false
model:
  name: resnet18
  num_classes: 10
optim:
  name: sgd
  lr: 0.1
  momentum: 0.9
  weight_decay: 0.0005
dist:
  world_size: 2
  master_addr: 10.10.1.1
  master_port: 29500
  semirdma_port: 29700
transport_cfg:
  dev_name: mlx5_2
  gid_index: 1
  buffer_bytes: 268435456
  chunk_bytes: 16384
  sq_depth: 512
  rq_depth: 16384
  ratio: 0.95
  timeout_ms: 5

[2026-04-23 04:52:08,872][__main__][INFO] - step=0 loss=2.2914 iter_ms=948.5
[2026-04-23 04:52:49,240][__main__][INFO] - step=50 loss=2.2533 iter_ms=792.1
[2026-04-23 04:53:27,153][__main__][INFO] - step=100 loss=1.8124 iter_ms=782.4
[2026-04-23 04:54:04,868][__main__][INFO] - step=150 loss=1.8011 iter_ms=698.3
[2026-04-23 04:54:42,594][__main__][INFO] - step=200 loss=1.5836 iter_ms=730.4
[2026-04-23 04:55:21,182][__main__][INFO] - step=250 loss=1.6144 iter_ms=796.7
[2026-04-23 04:55:58,452][__main__][INFO] - step=300 loss=1.4714 iter_ms=750.8
[2026-04-23 04:56:35,472][__main__][INFO] - step=350 loss=1.3793 iter_ms=722.5
[2026-04-23 04:57:12,939][__main__][INFO] - step=400 loss=1.3986 iter_ms=754.5
[2026-04-23 04:57:50,561][__main__][INFO] - step=450 loss=1.3085 iter_ms=726.3
[2026-04-23 04:58:26,588][__main__][INFO] - training done: 500 steps in 378.7s
