[2026-04-25 14:04:31,270][__main__][INFO] - Stage A config:
transport: rc_lossy
loss_rate: 0.01
seed: 7
steps: 500
warmup_steps: 10
data:
  root: ~/data/cifar10
  download: false
  batch_size: 128
  num_workers: 2
  pin_memory: false
model:
  name: resnet18
  num_classes: 10
optim:
  name: sgd
  lr: 0.1
  momentum: 0.9
  weight_decay: 0.0005
dist:
  world_size: 2
  master_addr: 10.10.1.1
  master_port: 29500
  semirdma_port: 32045
transport_cfg:
  dev_name: mlx5_2
  gid_index: 3
  buffer_bytes: 268435456
  chunk_bytes: 4096
  sq_depth: 8
  rq_depth: 16384
  ratio: 0.95
  timeout_ms: 200

[2026-04-25 14:04:33,034][__main__][INFO] - step=0 loss=2.3294 iter_ms=970.2
[2026-04-25 14:05:13,270][__main__][INFO] - step=50 loss=2.0760 iter_ms=763.4
[2026-04-25 14:05:50,449][__main__][INFO] - step=100 loss=1.6764 iter_ms=716.4
[2026-04-25 14:06:27,406][__main__][INFO] - step=150 loss=1.5677 iter_ms=701.8
[2026-04-25 14:07:05,581][__main__][INFO] - step=200 loss=1.3690 iter_ms=789.3
[2026-04-25 14:07:46,211][__main__][INFO] - step=250 loss=1.3807 iter_ms=829.9
[2026-04-25 14:08:24,348][__main__][INFO] - step=300 loss=1.2941 iter_ms=814.7
[2026-04-25 14:09:03,832][__main__][INFO] - step=350 loss=1.0866 iter_ms=820.9
[2026-04-25 14:09:43,539][__main__][INFO] - step=400 loss=0.8599 iter_ms=711.3
[2026-04-25 14:10:20,737][__main__][INFO] - step=450 loss=1.0502 iter_ms=702.5
[2026-04-25 14:10:57,657][__main__][INFO] - training done: 500 steps in 385.7s
