[2026-04-25 13:27:11,925][__main__][INFO] - Stage A config:
transport: rc_rdma
loss_rate: 0.0
seed: 7
steps: 500
warmup_steps: 10
data:
  root: ~/data/cifar10
  download: false
  batch_size: 128
  num_workers: 2
  pin_memory: false
model:
  name: resnet18
  num_classes: 10
optim:
  name: sgd
  lr: 0.1
  momentum: 0.9
  weight_decay: 0.0005
dist:
  world_size: 2
  master_addr: 10.10.1.1
  master_port: 29500
  semirdma_port: 32005
transport_cfg:
  dev_name: mlx5_2
  gid_index: 3
  buffer_bytes: 268435456
  chunk_bytes: 4096
  sq_depth: 8
  rq_depth: 16384
  ratio: 0.95
  timeout_ms: 200
  rc_timeout: 14
  rc_retry_cnt: 7

[2026-04-25 13:27:12,963][semirdma._bootstrap][INFO] - bootstrap: listening on 0.0.0.0:32005
[2026-04-25 13:27:12,986][semirdma._bootstrap][INFO] - bootstrap: peer ('10.10.1.3', 33808) connected
[2026-04-25 13:27:12,988][semirdma.baselines.rc_rdma_transport][INFO] - ReliableRDMATransport up: local qpn=702 -> remote qpn=689, remote rkey=0x1ccaa (qp_type=rc, timeout=14, retry_cnt=7)
[2026-04-25 13:27:12,989][semirdma._bootstrap][INFO] - bootstrap: connected to 10.10.1.3:32006
[2026-04-25 13:27:12,990][semirdma.baselines.rc_rdma_transport][INFO] - ReliableRDMATransport up: local qpn=703 -> remote qpn=688, remote rkey=0x1ab84 (qp_type=rc, timeout=14, retry_cnt=7)
[2026-04-25 13:27:12,990][semirdma.baselines.rc_rdma_hook][INFO] - RCRDMAHookState up: rank=0 tx qpn=702 rx qpn=703 (rc_timeout=14, rc_retry_cnt=7)
[2026-04-25 13:27:14,573][__main__][INFO] - step=0 loss=2.3294 iter_ms=1080.1
[2026-04-25 13:28:02,320][__main__][INFO] - step=50 loss=1.9992 iter_ms=952.3
[2026-04-25 13:28:48,479][__main__][INFO] - step=100 loss=1.6281 iter_ms=871.9
[2026-04-25 13:29:35,299][__main__][INFO] - step=150 loss=1.5929 iter_ms=945.1
[2026-04-25 13:30:24,387][__main__][INFO] - step=200 loss=1.3023 iter_ms=954.0
[2026-04-25 13:31:10,187][__main__][INFO] - step=250 loss=1.2952 iter_ms=832.5
[2026-04-25 13:31:57,767][__main__][INFO] - step=300 loss=1.2964 iter_ms=897.8
[2026-04-25 13:32:48,030][__main__][INFO] - step=350 loss=1.1144 iter_ms=873.3
[2026-04-25 13:33:37,069][__main__][INFO] - step=400 loss=0.8941 iter_ms=825.4
[2026-04-25 13:34:22,487][__main__][INFO] - step=450 loss=1.0385 iter_ms=837.9
[2026-04-25 13:35:06,801][__main__][INFO] - training done: 500 steps in 473.8s
