[08:52:30] === P1 matrix start (ts=20260425_085230  cells=1  steps=500) ===
[08:52:30]     transports=[semirdma]  timeouts=[200]  drop_rates=[0]  seed=42
[08:52:30]     middlebox=chen123@amd186.utah.cloudlab.us  (XDP dropbox — wire-level Bernoulli drop on UDP:4791)
[08:52:30]     gid_index=3 (IPv4-mapped RoCE v2 — required for ARP-spoof steering)
[08:52:30]     root=/tmp/p0_falsify_L
[08:52:30] 
[08:52:30] ########## DROP_RATE=0 block ##########
[08:52:31] set-rate 0 → 0 ppm
[08:52:33] === cell #0/1: cell_00_drop0_semirdma_t200 (t+3s) ===
[08:59:33]     this=0 peer=0  final_loss=0.844591  mean_iter_ms=810.60
[08:59:33] set-rate 0 → 0 ppm
[08:59:35] 
[08:59:35] === P1 matrix done.  total elapsed: 425s  cells: 1 ===
[08:59:35] 
[08:59:35] === summary ===
idx  drop_rate  transport  timeout_ms  rc  final_loss  mean_iter_ms  cell_dir
0    0          semirdma   200         0   0.844591    810.60        /tmp/p0_falsify_L/cell_00_drop0_semirdma_t200
[08:59:35] 
[08:59:35] === output tree ===
/tmp/p0_falsify_L/cell_00_drop0_semirdma_t200/
