[2026-04-25 12:27:03,529][__main__][INFO] - Stage A config:
transport: rc_lossy
loss_rate: 0
seed: 123
steps: 500
warmup_steps: 10
data:
  root: ~/data/cifar10
  download: false
  batch_size: 128
  num_workers: 2
  pin_memory: false
model:
  name: resnet18
  num_classes: 10
optim:
  name: sgd
  lr: 0.1
  momentum: 0.9
  weight_decay: 0.0005
dist:
  world_size: 2
  master_addr: 10.10.1.1
  master_port: 29500
  semirdma_port: 32015
transport_cfg:
  dev_name: mlx5_2
  gid_index: 3
  buffer_bytes: 268435456
  chunk_bytes: 4096
  sq_depth: 8
  rq_depth: 16384
  ratio: 0.95
  timeout_ms: 200

[2026-04-25 12:27:05,319][__main__][INFO] - step=0 loss=2.2914 iter_ms=966.7
[2026-04-25 12:27:47,243][__main__][INFO] - step=50 loss=2.0688 iter_ms=827.8
[2026-04-25 12:28:27,345][__main__][INFO] - step=100 loss=1.7420 iter_ms=700.7
[2026-04-25 12:29:05,665][__main__][INFO] - step=150 loss=1.5783 iter_ms=787.6
[2026-04-25 12:29:45,365][__main__][INFO] - step=200 loss=1.6051 iter_ms=761.0
[2026-04-25 12:30:25,011][__main__][INFO] - step=250 loss=1.4312 iter_ms=743.0
[2026-04-25 12:31:03,640][__main__][INFO] - step=300 loss=1.3449 iter_ms=1014.2
[2026-04-25 12:31:41,720][__main__][INFO] - step=350 loss=1.1503 iter_ms=735.8
[2026-04-25 12:32:20,350][__main__][INFO] - step=400 loss=1.3186 iter_ms=771.9
[2026-04-25 12:32:58,552][__main__][INFO] - step=450 loss=1.0832 iter_ms=768.5
[2026-04-25 12:33:36,123][__main__][INFO] - training done: 500 steps in 391.8s
