[10:47:54] === P1 matrix start (ts=20260426_104754  cells=6  steps=500) ===
[10:47:54]     transports=[semirdma semirdma_layer_aware]  timeouts=[200]  drop_rates=[0 0.01 0.05]  seed=123
[10:47:54]     middlebox=chen123@amd186.utah.cloudlab.us  (XDP dropbox — wire-level Bernoulli drop on UDP:4791)
[10:47:54]     gid_index=3 (IPv4-mapped RoCE v2 — required for ARP-spoof steering)
[10:47:54]     root=/tmp/p0_prb_v3_20260426_100315/seed123
[10:47:54] 
[10:47:54] ########## DROP_RATE=0 block ##########
[10:47:55] set-rate 0 → 0 ppm
[10:47:57] === cell #0/6: cell_00_drop0_semirdma_t200 (t+3s) ===
[10:54:56]     this=0 peer=0  final_loss=1.156047  mean_iter_ms=810.82
[10:54:56] === cell #1/6: cell_01_drop0_semirdma_layer_aware_t200 (t+422s) ===
[11:01:32]     this=0 peer=0  final_loss=1.173807  mean_iter_ms=757.71
[11:01:32] 
[11:01:32] ########## DROP_RATE=0.01 block ##########
[11:01:32] set-rate 0.01 → 10000 ppm
[11:01:34] === cell #2/6: cell_02_drop0.01_semirdma_t200 (t+820s) ===
[11:09:30]     this=0 peer=0  final_loss=1.081963  mean_iter_ms=927.06
[11:09:30] === cell #3/6: cell_03_drop0.01_semirdma_layer_aware_t200 (t+1296s) ===
[11:16:04]     this=0 peer=0  final_loss=1.331900  mean_iter_ms=755.95
[11:16:04] 
[11:16:04] ########## DROP_RATE=0.05 block ##########
[11:16:04] set-rate 0.05 → 50000 ppm
[11:16:06] === cell #4/6: cell_04_drop0.05_semirdma_t200 (t+1692s) ===
[11:24:02]     this=0 peer=0  final_loss=1.261512  mean_iter_ms=923.93
[11:24:02] === cell #5/6: cell_05_drop0.05_semirdma_layer_aware_t200 (t+2168s) ===
[11:25:14]     this=1 peer=1  final_loss=5.010358  mean_iter_ms=?
[11:25:14] set-rate 0 → 0 ppm
[11:25:16] 
[11:25:16] === P1 matrix done.  total elapsed: 2242s  cells: 6 ===
[11:25:16] 
[11:25:16] === summary ===
idx  drop_rate  transport             timeout_ms  rc  final_loss  mean_iter_ms  cell_dir
0    0          semirdma              200         0   1.156047    810.82        /tmp/p0_prb_v3_20260426_100315/seed123/cell_00_drop0_semirdma_t200
1    0          semirdma_layer_aware  200         0   1.173807    757.71        /tmp/p0_prb_v3_20260426_100315/seed123/cell_01_drop0_semirdma_layer_aware_t200
2    0.01       semirdma              200         0   1.081963    927.06        /tmp/p0_prb_v3_20260426_100315/seed123/cell_02_drop0.01_semirdma_t200
3    0.01       semirdma_layer_aware  200         0   1.331900    755.95        /tmp/p0_prb_v3_20260426_100315/seed123/cell_03_drop0.01_semirdma_layer_aware_t200
4    0.05       semirdma              200         0   1.261512    923.93        /tmp/p0_prb_v3_20260426_100315/seed123/cell_04_drop0.05_semirdma_t200
5    0.05       semirdma_layer_aware  200         1   5.010358    ?             /tmp/p0_prb_v3_20260426_100315/seed123/cell_05_drop0.05_semirdma_layer_aware_t200
[11:25:16] 
[11:25:16] === output tree ===
/tmp/p0_prb_v3_20260426_100315/seed123/cell_00_drop0_semirdma_t200/
/tmp/p0_prb_v3_20260426_100315/seed123/cell_01_drop0_semirdma_layer_aware_t200/
/tmp/p0_prb_v3_20260426_100315/seed123/cell_02_drop0.01_semirdma_t200/
/tmp/p0_prb_v3_20260426_100315/seed123/cell_03_drop0.01_semirdma_layer_aware_t200/
/tmp/p0_prb_v3_20260426_100315/seed123/cell_04_drop0.05_semirdma_t200/
/tmp/p0_prb_v3_20260426_100315/seed123/cell_05_drop0.05_semirdma_layer_aware_t200/
