[2026-04-23 03:47:23,090][__main__][INFO] - Stage A config:
transport: semirdma
loss_rate: 0.03
seed: 123
steps: 500
warmup_steps: 10
data:
  root: ~/data/cifar10
  download: false
  batch_size: 128
  num_workers: 2
  pin_memory: false
model:
  name: resnet18
  num_classes: 10
optim:
  name: sgd
  lr: 0.1
  momentum: 0.9
  weight_decay: 0.0005
dist:
  world_size: 2
  master_addr: 10.10.1.1
  master_port: 29500
  semirdma_port: 31075
transport_cfg:
  dev_name: mlx5_2
  gid_index: 1
  buffer_bytes: 268435456
  chunk_bytes: 16384
  sq_depth: 512
  rq_depth: 16384
  ratio: 0.95
  timeout_ms: 5

[2026-04-23 03:47:24,131][semirdma._bootstrap][INFO] - bootstrap: listening on 0.0.0.0:31075
[2026-04-23 03:47:24,138][semirdma._bootstrap][INFO] - bootstrap: peer ('10.10.1.2', 55888) connected
[2026-04-23 03:47:24,140][semirdma.transport][INFO] - SemiRDMATransport up: local qpn=286 -> remote qpn=287, remote rkey=0x14b2f
[2026-04-23 03:47:24,141][semirdma._bootstrap][INFO] - bootstrap: connected to 10.10.1.2:31076
[2026-04-23 03:47:24,142][semirdma.transport][INFO] - SemiRDMATransport up: local qpn=287 -> remote qpn=286, remote rkey=0x12807
[2026-04-23 03:47:24,142][semirdma.hooks][INFO] - SemiRDMAHookState up: rank=0, tx qpn=286, rx qpn=287
[2026-04-23 03:47:25,533][__main__][INFO] - step=0 loss=2.2914 iter_ms=919.4
[2026-04-23 03:48:05,192][__main__][INFO] - step=50 loss=2.2655 iter_ms=801.5
[2026-04-23 03:48:44,771][__main__][INFO] - step=100 loss=2.0721 iter_ms=804.7
[2026-04-23 03:49:23,271][__main__][INFO] - step=150 loss=2.0129 iter_ms=730.5
[2026-04-23 03:50:00,938][__main__][INFO] - step=200 loss=1.8299 iter_ms=675.3
[2026-04-23 03:50:37,029][__main__][INFO] - step=250 loss=1.8079 iter_ms=783.3
[2026-04-23 03:51:13,394][__main__][INFO] - step=300 loss=1.5603 iter_ms=732.7
[2026-04-23 03:51:49,776][__main__][INFO] - step=350 loss=1.6581 iter_ms=700.3
[2026-04-23 03:52:26,825][__main__][INFO] - step=400 loss=1.5603 iter_ms=714.8
[2026-04-23 03:53:02,346][__main__][INFO] - step=450 loss=1.5453 iter_ms=714.8
[2026-04-23 03:53:37,639][__main__][INFO] - training done: 500 steps in 373.5s
