[10:12:56] === P1 matrix start (ts=20260425_101256  cells=1  steps=500) ===
[10:12:56]     transports=[semirdma]  timeouts=[200]  drop_rates=[0]  seed=42
[10:12:56]     middlebox=chen123@amd186.utah.cloudlab.us  (XDP dropbox — wire-level Bernoulli drop on UDP:4791)
[10:12:56]     gid_index=3 (IPv4-mapped RoCE v2 — required for ARP-spoof steering)
[10:12:56]     root=/tmp/p0_sanity_revert
[10:12:56] 
[10:12:56] ########## DROP_RATE=0 block ##########
[10:12:56] set-rate 0 → 0 ppm
[10:12:58] === cell #0/1: cell_00_drop0_semirdma_t200 (t+2s) ===
[10:19:22]     this=0 peer=0  final_loss=0.870160  mean_iter_ms=738.22
[10:19:22] set-rate 0 → 0 ppm
[10:19:24] 
[10:19:24] === P1 matrix done.  total elapsed: 388s  cells: 1 ===
[10:19:24] 
[10:19:24] === summary ===
idx  drop_rate  transport  timeout_ms  rc  final_loss  mean_iter_ms  cell_dir
0    0          semirdma   200         0   0.870160    738.22        /tmp/p0_sanity_revert/cell_00_drop0_semirdma_t200
[10:19:24] 
[10:19:24] === output tree ===
/tmp/p0_sanity_revert/cell_00_drop0_semirdma_t200/
