[12:18:04] === P1 matrix start (ts=20260425_121804  cells=9  steps=500) ===
[12:18:04]     transports=[rc_rdma rc_lossy semirdma]  timeouts=[200]  drop_rates=[0 0.01 0.05]  seed=123
[12:18:04]     rc_rdma params: rc_timeout=14 (~67.1 ms/retry)  rc_retry_cnt=7
[12:18:04]     middlebox=chen123@amd186.utah.cloudlab.us  (XDP dropbox — wire-level Bernoulli drop on UDP:4791)
[12:18:04]     gid_index=3 (IPv4-mapped RoCE v2 — required for ARP-spoof steering)
[12:18:04]     root=/tmp/p0_3seed_ref_20260425_110928/seed123
[12:18:04] 
[12:18:04] ########## DROP_RATE=0 block ##########
[12:18:05] set-rate 0 → 0 ppm
[12:18:07] === cell #0/9: cell_00_drop0_rc_rdma_t200 (t+3s) ===
[12:26:55]     this=0 peer=0  final_loss=1.121266  mean_iter_ms=1028.21
[12:26:55] === cell #1/9: cell_01_drop0_rc_lossy_t200 (t+531s) ===
[12:33:37]     this=0 peer=0  final_loss=1.121266  mean_iter_ms=777.09
[12:33:37] === cell #2/9: cell_02_drop0_semirdma_t200 (t+933s) ===
[12:40:50]     this=0 peer=0  final_loss=1.205703  mean_iter_ms=838.18
[12:40:50] 
[12:40:50] ########## DROP_RATE=0.01 block ##########
[12:40:51] set-rate 0.01 → 10000 ppm
[12:40:53] === cell #3/9: cell_03_drop0.01_rc_rdma_t200 (t+1369s) ===
[12:56:27]     this=124 peer=1  final_loss=2365.03  mean_iter_ms=
[12:56:27] === cell #4/9: cell_04_drop0.01_rc_lossy_t200 (t+2303s) ===
[13:02:42]     this=0 peer=0  final_loss=1.170617  mean_iter_ms=726.12
[13:02:42] === cell #5/9: cell_05_drop0.01_semirdma_t200 (t+2678s) ===
[13:11:12]     this=0 peer=0  final_loss=1.308638  mean_iter_ms=990.87
[13:11:12] 
[13:11:12] ########## DROP_RATE=0.05 block ##########
[13:11:12] set-rate 0.05 → 50000 ppm
[13:11:14] === cell #6/9: cell_06_drop0.05_rc_rdma_t200 (t+3190s) ===
[13:11:55]     this=1 peer=1  final_loss=loss  mean_iter_ms=?
[13:11:55] === cell #7/9: cell_07_drop0.05_rc_lossy_t200 (t+3231s) ===
[13:18:49]     this=0 peer=0  final_loss=1.366638  mean_iter_ms=804.27
[13:18:49] === cell #8/9: cell_08_drop0.05_semirdma_t200 (t+3645s) ===
[13:26:59]     this=0 peer=0  final_loss=1.225364  mean_iter_ms=952.50
[13:26:59] set-rate 0 → 0 ppm
[13:27:01] 
[13:27:01] === P1 matrix done.  total elapsed: 4137s  cells: 9 ===
[13:27:01] 
[13:27:01] === summary ===
idx  drop_rate  transport  timeout_ms  rc   final_loss  mean_iter_ms  cell_dir
0    0          rc_rdma    200         0    1.121266    1028.21       /tmp/p0_3seed_ref_20260425_110928/seed123/cell_00_drop0_rc_rdma_t200
1    0          rc_lossy   200         0    1.121266    777.09        /tmp/p0_3seed_ref_20260425_110928/seed123/cell_01_drop0_rc_lossy_t200
2    0          semirdma   200         0    1.205703    838.18        /tmp/p0_3seed_ref_20260425_110928/seed123/cell_02_drop0_semirdma_t200
3    0.01       rc_rdma    200         124  2365.03                   /tmp/p0_3seed_ref_20260425_110928/seed123/cell_03_drop0.01_rc_rdma_t200
4    0.01       rc_lossy   200         0    1.170617    726.12        /tmp/p0_3seed_ref_20260425_110928/seed123/cell_04_drop0.01_rc_lossy_t200
5    0.01       semirdma   200         0    1.308638    990.87        /tmp/p0_3seed_ref_20260425_110928/seed123/cell_05_drop0.01_semirdma_t200
6    0.05       rc_rdma    200         1    loss        ?             /tmp/p0_3seed_ref_20260425_110928/seed123/cell_06_drop0.05_rc_rdma_t200
7    0.05       rc_lossy   200         0    1.366638    804.27        /tmp/p0_3seed_ref_20260425_110928/seed123/cell_07_drop0.05_rc_lossy_t200
8    0.05       semirdma   200         0    1.225364    952.50        /tmp/p0_3seed_ref_20260425_110928/seed123/cell_08_drop0.05_semirdma_t200
[13:27:01] 
[13:27:01] === output tree ===
/tmp/p0_3seed_ref_20260425_110928/seed123/cell_00_drop0_rc_rdma_t200/
/tmp/p0_3seed_ref_20260425_110928/seed123/cell_01_drop0_rc_lossy_t200/
/tmp/p0_3seed_ref_20260425_110928/seed123/cell_02_drop0_semirdma_t200/
/tmp/p0_3seed_ref_20260425_110928/seed123/cell_03_drop0.01_rc_rdma_t200/
/tmp/p0_3seed_ref_20260425_110928/seed123/cell_04_drop0.01_rc_lossy_t200/
/tmp/p0_3seed_ref_20260425_110928/seed123/cell_05_drop0.01_semirdma_t200/
/tmp/p0_3seed_ref_20260425_110928/seed123/cell_06_drop0.05_rc_rdma_t200/
/tmp/p0_3seed_ref_20260425_110928/seed123/cell_07_drop0.05_rc_lossy_t200/
/tmp/p0_3seed_ref_20260425_110928/seed123/cell_08_drop0.05_semirdma_t200/
