[13:27:01] === P1 matrix start (ts=20260425_132701  cells=9  steps=500) ===
[13:27:01]     transports=[rc_rdma rc_lossy semirdma]  timeouts=[200]  drop_rates=[0 0.01 0.05]  seed=7
[13:27:01]     rc_rdma params: rc_timeout=14 (~67.1 ms/retry)  rc_retry_cnt=7
[13:27:01]     middlebox=chen123@amd186.utah.cloudlab.us  (XDP dropbox — wire-level Bernoulli drop on UDP:4791)
[13:27:01]     gid_index=3 (IPv4-mapped RoCE v2 — required for ARP-spoof steering)
[13:27:01]     root=/tmp/p0_3seed_ref_20260425_110928/seed7
[13:27:01] 
[13:27:01] ########## DROP_RATE=0 block ##########
[13:27:02] set-rate 0 → 0 ppm
[13:27:04] === cell #0/9: cell_00_drop0_rc_rdma_t200 (t+3s) ===
[13:35:08]     this=0 peer=0  final_loss=1.034479  mean_iter_ms=938.33
[13:35:08] === cell #1/9: cell_01_drop0_rc_lossy_t200 (t+487s) ===
[13:42:12]     this=0 peer=0  final_loss=1.034479  mean_iter_ms=826.33
[13:42:12] === cell #2/9: cell_02_drop0_semirdma_t200 (t+911s) ===
[13:49:12]     this=0 peer=0  final_loss=1.033701  mean_iter_ms=809.50
[13:49:12] 
[13:49:12] ########## DROP_RATE=0.01 block ##########
[13:49:12] set-rate 0.01 → 10000 ppm
[13:49:14] === cell #3/9: cell_03_drop0.01_rc_rdma_t200 (t+1333s) ===
[14:04:23]     this=124 peer=1  final_loss=2599.23  mean_iter_ms=
[14:04:23] === cell #4/9: cell_04_drop0.01_rc_lossy_t200 (t+2242s) ===
[14:10:58]     this=0 peer=0  final_loss=1.040481  mean_iter_ms=764.38
[14:10:58] === cell #5/9: cell_05_drop0.01_semirdma_t200 (t+2637s) ===
[14:19:33]     this=0 peer=0  final_loss=1.070958  mean_iter_ms=1000.84
[14:19:33] 
[14:19:33] ########## DROP_RATE=0.05 block ##########
[14:19:33] set-rate 0.05 → 50000 ppm
[14:19:35] === cell #6/9: cell_06_drop0.05_rc_rdma_t200 (t+3154s) ===
[14:20:43]     this=1 peer=1  final_loss=loss  mean_iter_ms=?
[14:20:43] === cell #7/9: cell_07_drop0.05_rc_lossy_t200 (t+3222s) ===
[14:27:08]     this=0 peer=0  final_loss=0.912711  mean_iter_ms=748.15
[14:27:08] === cell #8/9: cell_08_drop0.05_semirdma_t200 (t+3607s) ===
[14:35:43]     this=0 peer=0  final_loss=1.160673  mean_iter_ms=1000.24
[14:35:43] set-rate 0 → 0 ppm
[14:35:45] 
[14:35:45] === P1 matrix done.  total elapsed: 4124s  cells: 9 ===
[14:35:45] 
[14:35:45] === summary ===
idx  drop_rate  transport  timeout_ms  rc   final_loss  mean_iter_ms  cell_dir
0    0          rc_rdma    200         0    1.034479    938.33        /tmp/p0_3seed_ref_20260425_110928/seed7/cell_00_drop0_rc_rdma_t200
1    0          rc_lossy   200         0    1.034479    826.33        /tmp/p0_3seed_ref_20260425_110928/seed7/cell_01_drop0_rc_lossy_t200
2    0          semirdma   200         0    1.033701    809.50        /tmp/p0_3seed_ref_20260425_110928/seed7/cell_02_drop0_semirdma_t200
3    0.01       rc_rdma    200         124  2599.23                   /tmp/p0_3seed_ref_20260425_110928/seed7/cell_03_drop0.01_rc_rdma_t200
4    0.01       rc_lossy   200         0    1.040481    764.38        /tmp/p0_3seed_ref_20260425_110928/seed7/cell_04_drop0.01_rc_lossy_t200
5    0.01       semirdma   200         0    1.070958    1000.84       /tmp/p0_3seed_ref_20260425_110928/seed7/cell_05_drop0.01_semirdma_t200
6    0.05       rc_rdma    200         1    loss        ?             /tmp/p0_3seed_ref_20260425_110928/seed7/cell_06_drop0.05_rc_rdma_t200
7    0.05       rc_lossy   200         0    0.912711    748.15        /tmp/p0_3seed_ref_20260425_110928/seed7/cell_07_drop0.05_rc_lossy_t200
8    0.05       semirdma   200         0    1.160673    1000.24       /tmp/p0_3seed_ref_20260425_110928/seed7/cell_08_drop0.05_semirdma_t200
[14:35:45] 
[14:35:45] === output tree ===
/tmp/p0_3seed_ref_20260425_110928/seed7/cell_00_drop0_rc_rdma_t200/
/tmp/p0_3seed_ref_20260425_110928/seed7/cell_01_drop0_rc_lossy_t200/
/tmp/p0_3seed_ref_20260425_110928/seed7/cell_02_drop0_semirdma_t200/
/tmp/p0_3seed_ref_20260425_110928/seed7/cell_03_drop0.01_rc_rdma_t200/
/tmp/p0_3seed_ref_20260425_110928/seed7/cell_04_drop0.01_rc_lossy_t200/
/tmp/p0_3seed_ref_20260425_110928/seed7/cell_05_drop0.01_semirdma_t200/
/tmp/p0_3seed_ref_20260425_110928/seed7/cell_06_drop0.05_rc_rdma_t200/
/tmp/p0_3seed_ref_20260425_110928/seed7/cell_07_drop0.05_rc_lossy_t200/
/tmp/p0_3seed_ref_20260425_110928/seed7/cell_08_drop0.05_semirdma_t200/
