[2026-04-23 04:25:17,895][__main__][INFO] - Stage A config:
transport: rc_baseline
loss_rate: 0.0
seed: 42
steps: 500
warmup_steps: 10
data:
  root: ~/data/cifar10
  download: false
  batch_size: 128
  num_workers: 2
  pin_memory: false
model:
  name: resnet18
  num_classes: 10
optim:
  name: sgd
  lr: 0.1
  momentum: 0.9
  weight_decay: 0.0005
dist:
  world_size: 2
  master_addr: 10.10.1.1
  master_port: 29500
  semirdma_port: 29700
transport_cfg:
  dev_name: mlx5_2
  gid_index: 1
  buffer_bytes: 268435456
  chunk_bytes: 16384
  sq_depth: 512
  rq_depth: 16384
  ratio: 0.95
  timeout_ms: 5

[2026-04-23 04:25:19,607][__main__][INFO] - step=0 loss=2.4233 iter_ms=929.4
[2026-04-23 04:25:58,788][__main__][INFO] - step=50 loss=1.9529 iter_ms=761.6
[2026-04-23 04:26:37,998][__main__][INFO] - step=100 loss=1.7454 iter_ms=763.3
[2026-04-23 04:27:17,154][__main__][INFO] - step=150 loss=1.7501 iter_ms=781.8
[2026-04-23 04:27:58,115][__main__][INFO] - step=200 loss=1.4590 iter_ms=777.1
[2026-04-23 04:28:38,415][__main__][INFO] - step=250 loss=1.4375 iter_ms=808.6
[2026-04-23 04:29:18,174][__main__][INFO] - step=300 loss=1.4690 iter_ms=813.9
[2026-04-23 04:29:57,911][__main__][INFO] - step=350 loss=1.2784 iter_ms=830.8
[2026-04-23 04:30:38,002][__main__][INFO] - step=400 loss=1.0586 iter_ms=762.2
[2026-04-23 04:31:18,976][__main__][INFO] - step=450 loss=1.1679 iter_ms=777.7
[2026-04-23 04:31:58,908][__main__][INFO] - training done: 500 steps in 400.3s
