[2026-04-25 11:46:51,743][__main__][INFO] - Stage A config:
transport: rc_lossy
loss_rate: 0.01
seed: 42
steps: 500
warmup_steps: 10
data:
  root: ~/data/cifar10
  download: false
  batch_size: 128
  num_workers: 2
  pin_memory: false
model:
  name: resnet18
  num_classes: 10
optim:
  name: sgd
  lr: 0.1
  momentum: 0.9
  weight_decay: 0.0005
dist:
  world_size: 2
  master_addr: 10.10.1.1
  master_port: 29500
  semirdma_port: 32045
transport_cfg:
  dev_name: mlx5_2
  gid_index: 3
  buffer_bytes: 268435456
  chunk_bytes: 4096
  sq_depth: 8
  rq_depth: 16384
  ratio: 0.95
  timeout_ms: 200

[2026-04-25 11:46:53,483][__main__][INFO] - step=0 loss=2.4233 iter_ms=932.2
[2026-04-25 11:47:33,461][__main__][INFO] - step=50 loss=1.9395 iter_ms=803.2
[2026-04-25 11:48:13,865][__main__][INFO] - step=100 loss=1.7464 iter_ms=819.4
[2026-04-25 11:48:54,782][__main__][INFO] - step=150 loss=1.6802 iter_ms=788.7
[2026-04-25 11:49:34,001][__main__][INFO] - step=200 loss=1.4293 iter_ms=707.7
[2026-04-25 11:50:10,567][__main__][INFO] - step=250 loss=1.5495 iter_ms=729.9
[2026-04-25 11:50:48,095][__main__][INFO] - step=300 loss=1.4019 iter_ms=733.1
[2026-04-25 11:51:26,184][__main__][INFO] - step=350 loss=1.2823 iter_ms=768.6
[2026-04-25 11:52:05,971][__main__][INFO] - step=400 loss=1.1142 iter_ms=718.1
[2026-04-25 11:52:44,476][__main__][INFO] - step=450 loss=1.0757 iter_ms=755.6
[2026-04-25 11:53:22,292][__main__][INFO] - training done: 500 steps in 389.8s
