[09:08:07] >>> c21_phase4_prc_loss0.01_seed41 on amd245
  [09:08:37] c21_phase4_prc_loss0.01_seed41 still RUNNING (30s)
  [09:13:37] c21_phase4_prc_loss0.01_seed41 still RUNNING (331s)
  [09:18:38] c21_phase4_prc_loss0.01_seed41 still RUNNING (631s)
  [09:23:38] c21_phase4_prc_loss0.01_seed41 still RUNNING (932s)
  [09:28:39] c21_phase4_prc_loss0.01_seed41 still RUNNING (1232s)
  [09:33:39] c21_phase4_prc_loss0.01_seed41 still RUNNING (1533s)
  [09:38:40] c21_phase4_prc_loss0.01_seed41 still RUNNING (1833s)
  [09:43:41] c21_phase4_prc_loss0.01_seed41 still RUNNING (2134s)
  [09:48:41] c21_phase4_prc_loss0.01_seed41 still RUNNING (2434s)
  c21_phase4_prc_loss0.01_seed41 attempt=0 not done; cleaning up
  retry in 60s...
  [09:54:42] c21_phase4_prc_loss0.01_seed41 still RUNNING (30s)
  [09:59:42] c21_phase4_prc_loss0.01_seed41 still RUNNING (331s)
  [10:04:43] c21_phase4_prc_loss0.01_seed41 still RUNNING (631s)
  [10:09:43] c21_phase4_prc_loss0.01_seed41 still RUNNING (932s)
  [10:14:44] c21_phase4_prc_loss0.01_seed41 still RUNNING (1232s)
  [10:19:44] c21_phase4_prc_loss0.01_seed41 still RUNNING (1533s)
  [10:24:45] c21_phase4_prc_loss0.01_seed41 still RUNNING (1833s)
  [10:29:46] c21_phase4_prc_loss0.01_seed41 still RUNNING (2134s)
  [10:34:46] c21_phase4_prc_loss0.01_seed41 still RUNNING (2434s)
  c21_phase4_prc_loss0.01_seed41 attempt=1 not done; cleaning up
[10:39:17] >>> c23_phase4_prc_loss0.01_seed43 on amd245
  [10:39:47] c23_phase4_prc_loss0.01_seed43 still RUNNING (30s)
  [10:44:47] c23_phase4_prc_loss0.01_seed43 still RUNNING (331s)
  [10:49:48] c23_phase4_prc_loss0.01_seed43 still RUNNING (631s)
  [10:54:48] c23_phase4_prc_loss0.01_seed43 still RUNNING (932s)
  [10:59:49] c23_phase4_prc_loss0.01_seed43 still RUNNING (1232s)
  [11:04:49] c23_phase4_prc_loss0.01_seed43 still RUNNING (1533s)
  [11:09:50] c23_phase4_prc_loss0.01_seed43 still RUNNING (1833s)
  [11:14:51] c23_phase4_prc_loss0.01_seed43 still RUNNING (2134s)
  [11:19:51] c23_phase4_prc_loss0.01_seed43 still RUNNING (2434s)
  c23_phase4_prc_loss0.01_seed43 attempt=0 not done; cleaning up
  retry in 60s...
  [11:25:52] c23_phase4_prc_loss0.01_seed43 still RUNNING (30s)
  [11:30:52] c23_phase4_prc_loss0.01_seed43 still RUNNING (331s)
  [11:35:53] c23_phase4_prc_loss0.01_seed43 still RUNNING (631s)
  [11:40:53] c23_phase4_prc_loss0.01_seed43 still RUNNING (932s)
  [11:45:54] c23_phase4_prc_loss0.01_seed43 still RUNNING (1232s)
  [11:50:54] c23_phase4_prc_loss0.01_seed43 still RUNNING (1533s)
  [11:55:55] c23_phase4_prc_loss0.01_seed43 still RUNNING (1833s)
  [12:00:56] c23_phase4_prc_loss0.01_seed43 still RUNNING (2134s)
  [12:05:56] c23_phase4_prc_loss0.01_seed43 still RUNNING (2434s)
  c23_phase4_prc_loss0.01_seed43 attempt=1 not done; cleaning up
[12:10:27] >>> c25_phase4_prc_loss0.05_seed42 on amd245
  [12:10:57] c25_phase4_prc_loss0.05_seed42 still RUNNING (30s)
  [12:15:57] c25_phase4_prc_loss0.05_seed42 still RUNNING (331s)
  [12:20:58] c25_phase4_prc_loss0.05_seed42 still RUNNING (631s)
  [12:25:58] c25_phase4_prc_loss0.05_seed42 still RUNNING (932s)
  [12:30:59] c25_phase4_prc_loss0.05_seed42 still RUNNING (1232s)
  [12:35:59] c25_phase4_prc_loss0.05_seed42 still RUNNING (1533s)
  [12:41:00] c25_phase4_prc_loss0.05_seed42 still RUNNING (1833s)
  [12:46:00] c25_phase4_prc_loss0.05_seed42 still RUNNING (2134s)
  [12:51:01] c25_phase4_prc_loss0.05_seed42 still RUNNING (2434s)
  c25_phase4_prc_loss0.05_seed42 attempt=0 not done; cleaning up
  retry in 60s...
  [12:57:02] c25_phase4_prc_loss0.05_seed42 still RUNNING (30s)
  [13:02:02] c25_phase4_prc_loss0.05_seed42 still RUNNING (331s)
  [13:07:03] c25_phase4_prc_loss0.05_seed42 still RUNNING (631s)
  [13:12:03] c25_phase4_prc_loss0.05_seed42 still RUNNING (932s)
  [13:17:04] c25_phase4_prc_loss0.05_seed42 still RUNNING (1232s)
  [13:22:04] c25_phase4_prc_loss0.05_seed42 still RUNNING (1533s)
  [13:27:05] c25_phase4_prc_loss0.05_seed42 still RUNNING (1833s)
  [13:32:05] c25_phase4_prc_loss0.05_seed42 still RUNNING (2134s)
  [13:37:06] c25_phase4_prc_loss0.05_seed42 still RUNNING (2434s)
  c25_phase4_prc_loss0.05_seed42 attempt=1 not done; cleaning up
[13:41:37] >>> c27_clear_t1_loss0_seed41 on amd245
  [13:42:07] c27_clear_t1_loss0_seed41 still RUNNING (30s)
  [13:47:07] c27_clear_t1_loss0_seed41 still RUNNING (331s)
  [13:52:08] c27_clear_t1_loss0_seed41 still RUNNING (631s)
  [13:57:08] c27_clear_t1_loss0_seed41 still RUNNING (932s)
  [14:02:09] c27_clear_t1_loss0_seed41 still RUNNING (1232s)
  [14:07:09] c27_clear_t1_loss0_seed41 still RUNNING (1533s)
  [14:12:10] c27_clear_t1_loss0_seed41 still RUNNING (1833s)
  [14:17:10] c27_clear_t1_loss0_seed41 still RUNNING (2134s)
  [14:22:11] c27_clear_t1_loss0_seed41 still RUNNING (2434s)
  c27_clear_t1_loss0_seed41 attempt=0 not done; cleaning up
  retry in 60s...
  [14:28:12] c27_clear_t1_loss0_seed41 still RUNNING (30s)
  [14:33:12] c27_clear_t1_loss0_seed41 still RUNNING (331s)
  [14:38:13] c27_clear_t1_loss0_seed41 still RUNNING (631s)
  [14:43:13] c27_clear_t1_loss0_seed41 still RUNNING (932s)
  [14:48:14] c27_clear_t1_loss0_seed41 still RUNNING (1232s)
  [14:53:14] c27_clear_t1_loss0_seed41 still RUNNING (1533s)
  [14:58:15] c27_clear_t1_loss0_seed41 still RUNNING (1833s)
  [15:03:15] c27_clear_t1_loss0_seed41 still RUNNING (2134s)
  [15:08:16] c27_clear_t1_loss0_seed41 still RUNNING (2434s)
  c27_clear_t1_loss0_seed41 attempt=1 not done; cleaning up
[15:12:46] >>> c29_clear_t1_loss0_seed43 on amd245
  [15:13:17] c29_clear_t1_loss0_seed43 still RUNNING (30s)
  [15:18:17] c29_clear_t1_loss0_seed43 still RUNNING (331s)
  [15:23:18] c29_clear_t1_loss0_seed43 still RUNNING (631s)
  [15:28:18] c29_clear_t1_loss0_seed43 still RUNNING (932s)
  [15:33:19] c29_clear_t1_loss0_seed43 still RUNNING (1232s)
  [15:38:19] c29_clear_t1_loss0_seed43 still RUNNING (1533s)
  [15:43:20] c29_clear_t1_loss0_seed43 still RUNNING (1833s)
  [15:48:20] c29_clear_t1_loss0_seed43 still RUNNING (2134s)
  [15:53:21] c29_clear_t1_loss0_seed43 still RUNNING (2434s)
  c29_clear_t1_loss0_seed43 attempt=0 not done; cleaning up
  retry in 60s...
  [15:59:22] c29_clear_t1_loss0_seed43 still RUNNING (30s)
  [16:04:22] c29_clear_t1_loss0_seed43 still RUNNING (331s)
  [16:09:23] c29_clear_t1_loss0_seed43 still RUNNING (631s)
  [16:14:23] c29_clear_t1_loss0_seed43 still RUNNING (932s)
  [16:19:24] c29_clear_t1_loss0_seed43 still RUNNING (1232s)
  [16:24:24] c29_clear_t1_loss0_seed43 still RUNNING (1533s)
  [16:29:25] c29_clear_t1_loss0_seed43 still RUNNING (1833s)
  [16:34:25] c29_clear_t1_loss0_seed43 still RUNNING (2134s)
  [16:39:26] c29_clear_t1_loss0_seed43 still RUNNING (2434s)
  c29_clear_t1_loss0_seed43 attempt=1 not done; cleaning up
[16:43:56] >>> c31_clear_t1_loss0.01_seed42 on amd245
  [16:44:26] c31_clear_t1_loss0.01_seed42 still RUNNING (30s)
  [16:49:27] c31_clear_t1_loss0.01_seed42 still RUNNING (331s)
  [16:54:28] c31_clear_t1_loss0.01_seed42 still RUNNING (631s)
  [16:59:28] c31_clear_t1_loss0.01_seed42 still RUNNING (932s)
  [17:04:29] c31_clear_t1_loss0.01_seed42 still RUNNING (1232s)
  [17:09:29] c31_clear_t1_loss0.01_seed42 still RUNNING (1533s)
  [17:14:30] c31_clear_t1_loss0.01_seed42 still RUNNING (1833s)
  [17:19:30] c31_clear_t1_loss0.01_seed42 still RUNNING (2134s)
  [17:24:31] c31_clear_t1_loss0.01_seed42 still RUNNING (2434s)
  c31_clear_t1_loss0.01_seed42 attempt=0 not done; cleaning up
  retry in 60s...
  [17:30:31] c31_clear_t1_loss0.01_seed42 still RUNNING (30s)
  [17:35:32] c31_clear_t1_loss0.01_seed42 still RUNNING (331s)
  [17:40:33] c31_clear_t1_loss0.01_seed42 still RUNNING (631s)
  [17:45:33] c31_clear_t1_loss0.01_seed42 still RUNNING (932s)
  [17:50:34] c31_clear_t1_loss0.01_seed42 still RUNNING (1232s)
  [17:55:34] c31_clear_t1_loss0.01_seed42 still RUNNING (1533s)
  [18:00:35] c31_clear_t1_loss0.01_seed42 still RUNNING (1833s)
  [18:05:35] c31_clear_t1_loss0.01_seed42 still RUNNING (2134s)
  [18:10:36] c31_clear_t1_loss0.01_seed42 still RUNNING (2434s)
  c31_clear_t1_loss0.01_seed42 attempt=1 not done; cleaning up
[18:15:06] >>> c33_clear_t1_loss0.05_seed41 on amd245
  [18:15:36] c33_clear_t1_loss0.05_seed41 still RUNNING (30s)
  [18:20:37] c33_clear_t1_loss0.05_seed41 still RUNNING (331s)
  [18:25:38] c33_clear_t1_loss0.05_seed41 still RUNNING (631s)
  [18:30:38] c33_clear_t1_loss0.05_seed41 still RUNNING (932s)
  [18:35:39] c33_clear_t1_loss0.05_seed41 still RUNNING (1232s)
  [18:40:39] c33_clear_t1_loss0.05_seed41 still RUNNING (1533s)
  [18:45:40] c33_clear_t1_loss0.05_seed41 still RUNNING (1833s)
  [18:50:40] c33_clear_t1_loss0.05_seed41 still RUNNING (2134s)
  [18:55:41] c33_clear_t1_loss0.05_seed41 still RUNNING (2434s)
  c33_clear_t1_loss0.05_seed41 attempt=0 not done; cleaning up
  retry in 60s...
  [19:01:42] c33_clear_t1_loss0.05_seed41 still RUNNING (30s)
  [19:06:42] c33_clear_t1_loss0.05_seed41 still RUNNING (331s)
  [19:11:43] c33_clear_t1_loss0.05_seed41 still RUNNING (631s)
  [19:16:43] c33_clear_t1_loss0.05_seed41 still RUNNING (932s)
  [19:21:44] c33_clear_t1_loss0.05_seed41 still RUNNING (1232s)
  [19:26:44] c33_clear_t1_loss0.05_seed41 still RUNNING (1533s)
  [19:31:45] c33_clear_t1_loss0.05_seed41 still RUNNING (1833s)
  [19:36:45] c33_clear_t1_loss0.05_seed41 still RUNNING (2134s)
  [19:41:46] c33_clear_t1_loss0.05_seed41 still RUNNING (2434s)
  c33_clear_t1_loss0.05_seed41 attempt=1 not done; cleaning up
[19:46:16] >>> c35_clear_t1_loss0.05_seed43 on amd245
  [19:46:46] c35_clear_t1_loss0.05_seed43 still RUNNING (30s)
  [19:51:47] c35_clear_t1_loss0.05_seed43 still RUNNING (331s)
  [19:56:48] c35_clear_t1_loss0.05_seed43 still RUNNING (631s)
  [20:01:48] c35_clear_t1_loss0.05_seed43 still RUNNING (932s)
  [20:06:49] c35_clear_t1_loss0.05_seed43 still RUNNING (1232s)
  [20:11:49] c35_clear_t1_loss0.05_seed43 still RUNNING (1533s)
  [20:16:50] c35_clear_t1_loss0.05_seed43 still RUNNING (1833s)
  [20:21:50] c35_clear_t1_loss0.05_seed43 still RUNNING (2134s)
  [20:26:51] c35_clear_t1_loss0.05_seed43 still RUNNING (2434s)
  c35_clear_t1_loss0.05_seed43 attempt=0 not done; cleaning up
  retry in 60s...
  [20:32:51] c35_clear_t1_loss0.05_seed43 still RUNNING (30s)
  [20:37:52] c35_clear_t1_loss0.05_seed43 still RUNNING (331s)
