W0501 22:18:07.061000 73404 torch/distributed/run.py:851] 
W0501 22:18:07.061000 73404 torch/distributed/run.py:851] *****************************************
W0501 22:18:07.061000 73404 torch/distributed/run.py:851] Setting OMP_NUM_THREADS environment variable for each process to be 1 in default, to avoid your system being overloaded, please further tune the variable for optimal performance in your application as needed. 
W0501 22:18:07.061000 73404 torch/distributed/run.py:851] *****************************************
[2026-05-01 22:18:09,233][__main__][INFO] - Stage A config:
transport: clear_t1
loss_rate: 0
seed: 43
steps: 200
warmup_steps: 50
data:
  root: /users/chen123/data/cifar10
  download: false
  batch_size: 128
  num_workers: 2
  pin_memory: false
model:
  name: resnet18
  num_classes: 10
optim:
  name: sgd
  lr: 0.1
  momentum: 0.9
  weight_decay: 0.0005
dist:
  world_size: 2
  master_addr: 127.0.0.1
  master_port: 29500
  semirdma_port: 29856
transport_cfg:
  dev_name: mlx5_2
  buffer_bytes: 67108864
  chunk_bytes: 16384
  sq_depth: 4096
  rq_depth: 8192
  ratio: 0.95
  timeout_ms: 20
  gid_index: 1
  cp_recv_slots: 64
  cp_send_slots: 16
  repair_budget_bytes_per_step: 0
bucket_cap_mb: 512

[INFO]  Opened device: mlx5_2
[INFO]  Opened device: mlx5_2
[INFO]  Port active_mtu=5 (IBV_MTU_4096 enum)
[INFO]  Using GID index 1 (pinned via config)
[INFO]  Created UC QP, qpn=315
[INFO]  Opened device: mlx5_2
[INFO]  Port active_mtu=5 (IBV_MTU_4096 enum)
[INFO]  Using GID index 1 (pinned via config)
[INFO]  Created RC QP, qpn=316
[INFO]  Opened device: mlx5_2
[INFO]  Port active_mtu=5 (IBV_MTU_4096 enum)
[INFO]  Using GID index 1 (pinned via config)
[INFO]  Created UC QP, qpn=317
[INFO]  Opened device: mlx5_2
[INFO]  Port active_mtu=5 (IBV_MTU_4096 enum)
[INFO]  Using GID index 1 (pinned via config)
[INFO]  Created RC QP, qpn=318
[INFO]  Opened device: mlx5_2
[INFO]  Port active_mtu=5 (IBV_MTU_4096 enum)
[INFO]  Using GID index 1 (pinned via config)
[INFO]  Created UC QP, qpn=319
[INFO]  Port active_mtu=5 (IBV_MTU_4096 enum)
[INFO]  Using GID index 1 (pinned via config)
[INFO]  Created UC QP, qpn=320
[INFO]  Opened device: mlx5_2
[INFO]  Port active_mtu=5 (IBV_MTU_4096 enum)
[INFO]  Using GID index 1 (pinned via config)
[INFO]  Created RC QP, qpn=321
[2026-05-01 22:18:10,056][semirdma._bootstrap][INFO] - bootstrap: listening on 127.0.0.1:29856
[INFO]  Opened device: mlx5_2
[INFO]  Port active_mtu=5 (IBV_MTU_4096 enum)
[INFO]  Using GID index 1 (pinned via config)
[INFO]  Created RC QP, qpn=322
[2026-05-01 22:18:10,062][semirdma._bootstrap][INFO] - bootstrap: connected to 127.0.0.1:29856
[2026-05-01 22:18:10,062][semirdma._bootstrap][INFO] - bootstrap: peer ('127.0.0.1', 39294) connected
[2026-05-01 22:18:10,062][semirdma._bootstrap][INFO] - bootstrap: listening on 127.0.0.1:29857
[2026-05-01 22:18:10,262][semirdma._bootstrap][INFO] - bootstrap: connected to 127.0.0.1:29857
[2026-05-01 22:18:10,263][semirdma._bootstrap][INFO] - bootstrap: peer ('127.0.0.1', 41334) connected
[2026-05-01 22:18:10,263][semirdma._bootstrap][INFO] - bootstrap: listening on 127.0.0.1:29858
[2026-05-01 22:18:10,263][semirdma._bootstrap][INFO] - bootstrap: connected to 127.0.0.1:29858
[2026-05-01 22:18:10,263][semirdma._bootstrap][INFO] - bootstrap: peer ('127.0.0.1', 53692) connected
[2026-05-01 22:18:10,263][semirdma._bootstrap][INFO] - bootstrap: listening on 127.0.0.1:29859
[2026-05-01 22:18:10,263][semirdma._bootstrap][INFO] - bootstrap: connected to 127.0.0.1:29859
[2026-05-01 22:18:10,263][semirdma._bootstrap][INFO] - bootstrap: peer ('127.0.0.1', 34004) connected
[INFO]  QP -> INIT
[INFO]  QP -> INIT
[INFO]  QP -> RTR (dest_qpn=320)
[INFO]  QP -> RTR (dest_qpn=319)
[INFO]  QP -> RTS (sq_psn=0)
[INFO]  QP -> RTS (sq_psn=0)
[INFO]  QP -> INIT
[INFO]  QP -> INIT
[INFO]  QP -> RTR (dest_qpn=321)
[INFO]  QP -> RTR (dest_qpn=322)
[INFO]  RC params: timeout=14 (~67.1 ms) retry_cnt=7 rnr_retry=7 min_rnr_timer=12 max_rd_atomic=1
[INFO]  RC params: timeout=14 (~67.1 ms) retry_cnt=7 rnr_retry=7 min_rnr_timer=12 max_rd_atomic=1
[INFO]  QP -> RTS (sq_psn=0)
[INFO]  QP -> RTS (sq_psn=0)
[INFO]  QP -> INIT
[INFO]  QP -> INIT
[INFO]  QP -> RTR (dest_qpn=317)
[INFO]  QP -> RTR (dest_qpn=315)
[INFO]  QP -> RTS (sq_psn=0)
[INFO]  QP -> RTS (sq_psn=0)
[INFO]  QP -> INIT
[INFO]  QP -> INIT
[INFO]  QP -> RTR (dest_qpn=318)
[INFO]  RC params: timeout=14 (~67.1 ms) retry_cnt=7 rnr_retry=7 min_rnr_timer=12 max_rd_atomic=1
[INFO]  QP -> RTR (dest_qpn=316)
[INFO]  RC params: timeout=14 (~67.1 ms) retry_cnt=7 rnr_retry=7 min_rnr_timer=12 max_rd_atomic=1
[INFO]  QP -> RTS (sq_psn=0)
[INFO]  QP -> RTS (sq_psn=0)
[2026-05-01 22:18:17,597][__main__][INFO] - step=0 loss=2.3640 iter_ms=7176.0
[2026-05-01 22:23:51,099][__main__][INFO] - step=50 loss=1.8713 iter_ms=6719.7
[2026-05-01 22:29:23,897][__main__][INFO] - step=100 loss=1.6853 iter_ms=6756.6
[2026-05-01 22:34:55,718][__main__][INFO] - step=150 loss=1.5063 iter_ms=6402.0
[2026-05-01 22:40:24,165][__main__][INFO] - training done: 200 steps in 1333.9s
[2026-05-01 22:40:24,167][__main__][INFO] - wrote clear_perf.csv with 200 rows
terminate called without an active exception
terminate called without an active exception
E0501 22:40:24.456000 73404 torch/distributed/elastic/multiprocessing/api.py:986] failed (exitcode: -6) local_rank: 0 (pid: 73453) of binary: /users/chen123/SemiRDMA/.venv/bin/python3
Traceback (most recent call last):
  File "/users/chen123/SemiRDMA/.venv/bin/torchrun", line 6, in <module>
    sys.exit(main())
  File "/users/chen123/SemiRDMA/.venv/lib/python3.10/site-packages/torch/distributed/elastic/multiprocessing/errors/__init__.py", line 362, in wrapper
    return f(*args, **kwargs)
  File "/users/chen123/SemiRDMA/.venv/lib/python3.10/site-packages/torch/distributed/run.py", line 990, in main
    run(args)
  File "/users/chen123/SemiRDMA/.venv/lib/python3.10/site-packages/torch/distributed/run.py", line 981, in run
    elastic_launch(
  File "/users/chen123/SemiRDMA/.venv/lib/python3.10/site-packages/torch/distributed/launcher/api.py", line 170, in __call__
    return launch_agent(self._config, self._entrypoint, list(args))
  File "/users/chen123/SemiRDMA/.venv/lib/python3.10/site-packages/torch/distributed/launcher/api.py", line 317, in launch_agent
    raise ChildFailedError(
torch.distributed.elastic.multiprocessing.errors.ChildFailedError: 
============================================================
/users/chen123/SemiRDMA/experiments/stage_a/train_cifar10.py FAILED
------------------------------------------------------------
Failures:
[1]:
  time      : 2026-05-01_22:40:24
  host      : amd245.utah.cloudlab.us
  rank      : 1 (local_rank: 1)
  exitcode  : -6 (pid: 73454)
  error_file: <N/A>
  traceback : Signal 6 (SIGABRT) received by PID 73454
------------------------------------------------------------
Root Cause (first observed failure):
[0]:
  time      : 2026-05-01_22:40:24
  host      : amd245.utah.cloudlab.us
  rank      : 0 (local_rank: 0)
  exitcode  : -6 (pid: 73453)
  error_file: <N/A>
  traceback : Signal 6 (SIGABRT) received by PID 73453
============================================================
