W0502 12:06:22.066000 87099 torch/distributed/run.py:851] 
W0502 12:06:22.066000 87099 torch/distributed/run.py:851] *****************************************
W0502 12:06:22.066000 87099 torch/distributed/run.py:851] Setting OMP_NUM_THREADS environment variable for each process to be 1 in default, to avoid your system being overloaded, please further tune the variable for optimal performance in your application as needed. 
W0502 12:06:22.066000 87099 torch/distributed/run.py:851] *****************************************
[2026-05-02 12:06:24,254][__main__][INFO] - Stage A config:
transport: clear_t1
loss_rate: 0
seed: 43
steps: 200
warmup_steps: 50
data:
  root: /users/chen123/data/cifar10
  download: false
  batch_size: 128
  num_workers: 2
  pin_memory: false
model:
  name: resnet18
  num_classes: 10
optim:
  name: sgd
  lr: 0.1
  momentum: 0.9
  weight_decay: 0.0005
dist:
  world_size: 2
  master_addr: 127.0.0.1
  master_port: 29500
  semirdma_port: 29856
transport_cfg:
  dev_name: mlx5_2
  buffer_bytes: 67108864
  chunk_bytes: 16384
  sq_depth: 4096
  rq_depth: 8192
  ratio: 0.95
  timeout_ms: 20
  gid_index: 1
  cp_recv_slots: 64
  cp_send_slots: 16
  repair_budget_bytes_per_step: 0
bucket_cap_mb: 512

[INFO]  Opened device: mlx5_2
[INFO]  Opened device: mlx5_2
[INFO]  Port active_mtu=5 (IBV_MTU_4096 enum)
[INFO]  Using GID index 1 (pinned via config)
[INFO]  Port active_mtu=5 (IBV_MTU_4096 enum)
[INFO]  Using GID index 1 (pinned via config)
[INFO]  Created UC QP, qpn=403
[INFO]  Created UC QP, qpn=404
[INFO]  Opened device: mlx5_2
[INFO]  Opened device: mlx5_2
[INFO]  Port active_mtu=5 (IBV_MTU_4096 enum)
[INFO]  Port active_mtu=5 (IBV_MTU_4096 enum)
[INFO]  Using GID index 1 (pinned via config)
[INFO]  Using GID index 1 (pinned via config)
[INFO]  Created RC QP, qpn=406
[INFO]  Created RC QP, qpn=405
[INFO]  Opened device: mlx5_2
[INFO]  Opened device: mlx5_2
[INFO]  Port active_mtu=5 (IBV_MTU_4096 enum)
[INFO]  Using GID index 1 (pinned via config)
[INFO]  Port active_mtu=5 (IBV_MTU_4096 enum)
[INFO]  Using GID index 1 (pinned via config)
[INFO]  Created UC QP, qpn=408
[INFO]  Created UC QP, qpn=407
[INFO]  Opened device: mlx5_2
[INFO]  Opened device: mlx5_2
[INFO]  Port active_mtu=5 (IBV_MTU_4096 enum)
[INFO]  Port active_mtu=5 (IBV_MTU_4096 enum)
[INFO]  Using GID index 1 (pinned via config)
[INFO]  Using GID index 1 (pinned via config)
[INFO]  Created RC QP, qpn=409
[INFO]  Created RC QP, qpn=410
[2026-05-02 12:06:25,056][semirdma._bootstrap][INFO] - bootstrap: listening on 127.0.0.1:29856
[2026-05-02 12:06:25,057][semirdma._bootstrap][INFO] - bootstrap: connected to 127.0.0.1:29856
[2026-05-02 12:06:25,058][semirdma._bootstrap][INFO] - bootstrap: peer ('127.0.0.1', 39846) connected
[2026-05-02 12:06:25,058][semirdma._bootstrap][INFO] - bootstrap: listening on 127.0.0.1:29857
[2026-05-02 12:06:25,258][semirdma._bootstrap][INFO] - bootstrap: connected to 127.0.0.1:29857
[2026-05-02 12:06:25,258][semirdma._bootstrap][INFO] - bootstrap: peer ('127.0.0.1', 35988) connected
[2026-05-02 12:06:25,259][semirdma._bootstrap][INFO] - bootstrap: listening on 127.0.0.1:29858
[2026-05-02 12:06:25,459][semirdma._bootstrap][INFO] - bootstrap: connected to 127.0.0.1:29858
[2026-05-02 12:06:25,459][semirdma._bootstrap][INFO] - bootstrap: peer ('127.0.0.1', 34596) connected
[2026-05-02 12:06:25,459][semirdma._bootstrap][INFO] - bootstrap: listening on 127.0.0.1:29859
[2026-05-02 12:06:25,459][semirdma._bootstrap][INFO] - bootstrap: connected to 127.0.0.1:29859
[2026-05-02 12:06:25,459][semirdma._bootstrap][INFO] - bootstrap: peer ('127.0.0.1', 36638) connected
[INFO]  QP -> INIT
[INFO]  QP -> INIT
[INFO]  QP -> RTR (dest_qpn=408)
[INFO]  QP -> RTR (dest_qpn=407)
[INFO]  QP -> RTS (sq_psn=0)
[INFO]  QP -> RTS (sq_psn=0)
[INFO]  QP -> INIT
[INFO]  QP -> INIT
[INFO]  QP -> RTR (dest_qpn=409)
[INFO]  RC params: timeout=14 (~67.1 ms) retry_cnt=7 rnr_retry=7 min_rnr_timer=12 max_rd_atomic=1
[INFO]  QP -> RTR (dest_qpn=410)
[INFO]  RC params: timeout=14 (~67.1 ms) retry_cnt=7 rnr_retry=7 min_rnr_timer=12 max_rd_atomic=1
[INFO]  QP -> RTS (sq_psn=0)
[INFO]  QP -> RTS (sq_psn=0)
[INFO]  QP -> INIT
[INFO]  QP -> INIT
[INFO]  QP -> RTR (dest_qpn=404)
[INFO]  QP -> RTR (dest_qpn=403)
[INFO]  QP -> RTS (sq_psn=0)
[INFO]  QP -> RTS (sq_psn=0)
[INFO]  QP -> INIT
[INFO]  QP -> INIT
[INFO]  QP -> RTR (dest_qpn=405)
[INFO]  RC params: timeout=14 (~67.1 ms) retry_cnt=7 rnr_retry=7 min_rnr_timer=12 max_rd_atomic=1
[INFO]  QP -> RTR (dest_qpn=406)
[INFO]  RC params: timeout=14 (~67.1 ms) retry_cnt=7 rnr_retry=7 min_rnr_timer=12 max_rd_atomic=1
[INFO]  QP -> RTS (sq_psn=0)
[INFO]  QP -> RTS (sq_psn=0)
[2026-05-02 12:06:32,741][__main__][INFO] - step=0 loss=2.3640 iter_ms=7125.2
[2026-05-02 12:12:09,547][__main__][INFO] - step=50 loss=1.8713 iter_ms=6905.5
[2026-05-02 12:17:45,830][__main__][INFO] - step=100 loss=1.6853 iter_ms=6931.7
[2026-05-02 12:23:22,147][__main__][INFO] - step=150 loss=1.5063 iter_ms=6706.3
terminate called without an active exception
[2026-05-02 12:28:47,129][__main__][INFO] - training done: 200 steps in 1341.7s
[2026-05-02 12:28:47,131][__main__][INFO] - wrote clear_perf.csv with 200 rows
terminate called without an active exception
W0502 12:28:47.316000 87099 torch/distributed/elastic/multiprocessing/api.py:1012] Sending process 87148 closing signal SIGTERM
E0502 12:28:47.332000 87099 torch/distributed/elastic/multiprocessing/api.py:986] failed (exitcode: -6) local_rank: 1 (pid: 87149) of binary: /users/chen123/SemiRDMA/.venv/bin/python3
Traceback (most recent call last):
  File "/users/chen123/SemiRDMA/.venv/bin/torchrun", line 6, in <module>
    sys.exit(main())
  File "/users/chen123/SemiRDMA/.venv/lib/python3.10/site-packages/torch/distributed/elastic/multiprocessing/errors/__init__.py", line 362, in wrapper
    return f(*args, **kwargs)
  File "/users/chen123/SemiRDMA/.venv/lib/python3.10/site-packages/torch/distributed/run.py", line 990, in main
    run(args)
  File "/users/chen123/SemiRDMA/.venv/lib/python3.10/site-packages/torch/distributed/run.py", line 981, in run
    elastic_launch(
  File "/users/chen123/SemiRDMA/.venv/lib/python3.10/site-packages/torch/distributed/launcher/api.py", line 170, in __call__
    return launch_agent(self._config, self._entrypoint, list(args))
  File "/users/chen123/SemiRDMA/.venv/lib/python3.10/site-packages/torch/distributed/launcher/api.py", line 317, in launch_agent
    raise ChildFailedError(
torch.distributed.elastic.multiprocessing.errors.ChildFailedError: 
============================================================
/users/chen123/SemiRDMA/experiments/stage_a/train_cifar10.py FAILED
------------------------------------------------------------
Failures:
[1]:
  time      : 2026-05-02_12:28:47
  host      : amd245.utah.cloudlab.us
  rank      : 0 (local_rank: 0)
  exitcode  : -6 (pid: 87148)
  error_file: <N/A>
  traceback : Signal 6 (SIGABRT) received by PID 87148
------------------------------------------------------------
Root Cause (first observed failure):
[0]:
  time      : 2026-05-02_12:28:47
  host      : amd245.utah.cloudlab.us
  rank      : 1 (local_rank: 1)
  exitcode  : -6 (pid: 87149)
  error_file: <N/A>
  traceback : Signal 6 (SIGABRT) received by PID 87149
============================================================
