W0502 07:21:28.900000 79693 torch/distributed/run.py:851] 
W0502 07:21:28.900000 79693 torch/distributed/run.py:851] *****************************************
W0502 07:21:28.900000 79693 torch/distributed/run.py:851] Setting OMP_NUM_THREADS environment variable for each process to be 1 in default, to avoid your system being overloaded, please further tune the variable for optimal performance in your application as needed. 
W0502 07:21:28.900000 79693 torch/distributed/run.py:851] *****************************************
[2026-05-02 07:21:31,080][__main__][INFO] - Stage A config:
transport: clear_t1
loss_rate: 0.01
seed: 42
steps: 200
warmup_steps: 50
data:
  root: /users/chen123/data/cifar10
  download: false
  batch_size: 128
  num_workers: 2
  pin_memory: false
model:
  name: resnet18
  num_classes: 10
optim:
  name: sgd
  lr: 0.1
  momentum: 0.9
  weight_decay: 0.0005
dist:
  world_size: 2
  master_addr: 127.0.0.1
  master_port: 29500
  semirdma_port: 29860
transport_cfg:
  dev_name: mlx5_2
  buffer_bytes: 67108864
  chunk_bytes: 16384
  sq_depth: 4096
  rq_depth: 8192
  ratio: 0.95
  timeout_ms: 20
  gid_index: 1
  cp_recv_slots: 64
  cp_send_slots: 16
  repair_budget_bytes_per_step: 0
bucket_cap_mb: 512

[INFO]  Opened device: mlx5_2
[INFO]  Opened device: mlx5_2
[INFO]  Port active_mtu=5 (IBV_MTU_4096 enum)
[INFO]  Port active_mtu=5 (IBV_MTU_4096 enum)
[INFO]  Using GID index 1 (pinned via config)
[INFO]  Using GID index 1 (pinned via config)
[INFO]  Created UC QP, qpn=347
[INFO]  Created UC QP, qpn=348
[INFO]  Opened device: mlx5_2
[INFO]  Opened device: mlx5_2
[INFO]  Port active_mtu=5 (IBV_MTU_4096 enum)
[INFO]  Port active_mtu=5 (IBV_MTU_4096 enum)
[INFO]  Using GID index 1 (pinned via config)
[INFO]  Using GID index 1 (pinned via config)
[INFO]  Created RC QP, qpn=350
[INFO]  Created RC QP, qpn=349
[INFO]  Opened device: mlx5_2
[INFO]  Opened device: mlx5_2
[INFO]  Port active_mtu=5 (IBV_MTU_4096 enum)
[INFO]  Using GID index 1 (pinned via config)
[INFO]  Port active_mtu=5 (IBV_MTU_4096 enum)
[INFO]  Using GID index 1 (pinned via config)
[INFO]  Created UC QP, qpn=351
[INFO]  Created UC QP, qpn=352
[INFO]  Opened device: mlx5_2
[INFO]  Opened device: mlx5_2
[INFO]  Port active_mtu=5 (IBV_MTU_4096 enum)
[INFO]  Port active_mtu=5 (IBV_MTU_4096 enum)
[INFO]  Using GID index 1 (pinned via config)
[INFO]  Using GID index 1 (pinned via config)
[INFO]  Created RC QP, qpn=353
[INFO]  Created RC QP, qpn=354
[2026-05-02 07:21:31,881][semirdma._bootstrap][INFO] - bootstrap: listening on 127.0.0.1:29860
[2026-05-02 07:21:31,883][semirdma._bootstrap][INFO] - bootstrap: connected to 127.0.0.1:29860
[2026-05-02 07:21:31,883][semirdma._bootstrap][INFO] - bootstrap: peer ('127.0.0.1', 58294) connected
[2026-05-02 07:21:31,883][semirdma._bootstrap][INFO] - bootstrap: listening on 127.0.0.1:29861
[2026-05-02 07:21:32,083][semirdma._bootstrap][INFO] - bootstrap: connected to 127.0.0.1:29861
[2026-05-02 07:21:32,084][semirdma._bootstrap][INFO] - bootstrap: peer ('127.0.0.1', 36844) connected
[2026-05-02 07:21:32,084][semirdma._bootstrap][INFO] - bootstrap: listening on 127.0.0.1:29862
[2026-05-02 07:21:32,284][semirdma._bootstrap][INFO] - bootstrap: connected to 127.0.0.1:29862
[2026-05-02 07:21:32,284][semirdma._bootstrap][INFO] - bootstrap: peer ('127.0.0.1', 42282) connected
[2026-05-02 07:21:32,285][semirdma._bootstrap][INFO] - bootstrap: listening on 127.0.0.1:29863
[2026-05-02 07:21:32,285][semirdma._bootstrap][INFO] - bootstrap: connected to 127.0.0.1:29863
[2026-05-02 07:21:32,285][semirdma._bootstrap][INFO] - bootstrap: peer ('127.0.0.1', 35596) connected
[INFO]  QP -> INIT
[INFO]  QP -> INIT
[INFO]  QP -> RTR (dest_qpn=352)
[INFO]  QP -> RTR (dest_qpn=351)
[INFO]  QP -> RTS (sq_psn=0)
[INFO]  QP -> RTS (sq_psn=0)
[INFO]  QP -> INIT
[INFO]  QP -> INIT
[INFO]  QP -> RTR (dest_qpn=353)
[INFO]  QP -> RTR (dest_qpn=354)
[INFO]  RC params: timeout=14 (~67.1 ms) retry_cnt=7 rnr_retry=7 min_rnr_timer=12 max_rd_atomic=1
[INFO]  RC params: timeout=14 (~67.1 ms) retry_cnt=7 rnr_retry=7 min_rnr_timer=12 max_rd_atomic=1
[INFO]  QP -> RTS (sq_psn=0)
[INFO]  QP -> RTS (sq_psn=0)
[INFO]  QP -> INIT
[INFO]  QP -> INIT
[INFO]  QP -> RTR (dest_qpn=348)
[INFO]  QP -> RTR (dest_qpn=347)
[INFO]  QP -> RTS (sq_psn=0)
[INFO]  QP -> RTS (sq_psn=0)
[INFO]  QP -> INIT
[INFO]  QP -> RTR (dest_qpn=349)
[INFO]  QP -> INIT
[INFO]  RC params: timeout=14 (~67.1 ms) retry_cnt=7 rnr_retry=7 min_rnr_timer=12 max_rd_atomic=1
[INFO]  QP -> RTS (sq_psn=0)
[INFO]  QP -> RTR (dest_qpn=350)
[INFO]  RC params: timeout=14 (~67.1 ms) retry_cnt=7 rnr_retry=7 min_rnr_timer=12 max_rd_atomic=1
[INFO]  QP -> RTS (sq_psn=0)
[2026-05-02 07:21:44,649][__main__][INFO] - step=0 loss=2.4233 iter_ms=12209.0
[2026-05-02 07:31:34,760][__main__][INFO] - step=50 loss=1.9954 iter_ms=11868.2
[2026-05-02 07:41:19,988][__main__][INFO] - step=100 loss=1.8957 iter_ms=11885.6
[2026-05-02 07:51:08,437][__main__][INFO] - step=150 loss=1.7497 iter_ms=11555.6
[2026-05-02 08:00:47,417][__main__][INFO] - training done: 200 steps in 2355.1s
[2026-05-02 08:00:47,419][__main__][INFO] - wrote clear_perf.csv with 200 rows
terminate called without an active exception
terminate called without an active exception
E0502 08:00:47.639000 79693 torch/distributed/elastic/multiprocessing/api.py:986] failed (exitcode: -6) local_rank: 0 (pid: 79742) of binary: /users/chen123/SemiRDMA/.venv/bin/python3
Traceback (most recent call last):
  File "/users/chen123/SemiRDMA/.venv/bin/torchrun", line 6, in <module>
    sys.exit(main())
  File "/users/chen123/SemiRDMA/.venv/lib/python3.10/site-packages/torch/distributed/elastic/multiprocessing/errors/__init__.py", line 362, in wrapper
    return f(*args, **kwargs)
  File "/users/chen123/SemiRDMA/.venv/lib/python3.10/site-packages/torch/distributed/run.py", line 990, in main
    run(args)
  File "/users/chen123/SemiRDMA/.venv/lib/python3.10/site-packages/torch/distributed/run.py", line 981, in run
    elastic_launch(
  File "/users/chen123/SemiRDMA/.venv/lib/python3.10/site-packages/torch/distributed/launcher/api.py", line 170, in __call__
    return launch_agent(self._config, self._entrypoint, list(args))
  File "/users/chen123/SemiRDMA/.venv/lib/python3.10/site-packages/torch/distributed/launcher/api.py", line 317, in launch_agent
    raise ChildFailedError(
torch.distributed.elastic.multiprocessing.errors.ChildFailedError: 
============================================================
/users/chen123/SemiRDMA/experiments/stage_a/train_cifar10.py FAILED
------------------------------------------------------------
Failures:
[1]:
  time      : 2026-05-02_08:00:47
  host      : amd245.utah.cloudlab.us
  rank      : 1 (local_rank: 1)
  exitcode  : -6 (pid: 79743)
  error_file: <N/A>
  traceback : Signal 6 (SIGABRT) received by PID 79743
------------------------------------------------------------
Root Cause (first observed failure):
[0]:
  time      : 2026-05-02_08:00:47
  host      : amd245.utah.cloudlab.us
  rank      : 0 (local_rank: 0)
  exitcode  : -6 (pid: 79742)
  error_file: <N/A>
  traceback : Signal 6 (SIGABRT) received by PID 79742
============================================================
