[10:03:15] === P1 matrix start (ts=20260426_100315  cells=6  steps=500) ===
[10:03:15]     transports=[semirdma semirdma_layer_aware]  timeouts=[200]  drop_rates=[0 0.01 0.05]  seed=42
[10:03:15]     middlebox=chen123@amd186.utah.cloudlab.us  (XDP dropbox — wire-level Bernoulli drop on UDP:4791)
[10:03:15]     gid_index=3 (IPv4-mapped RoCE v2 — required for ARP-spoof steering)
[10:03:15]     root=/tmp/p0_prb_v3_20260426_100315/seed42
[10:03:15] 
[10:03:15] ########## DROP_RATE=0 block ##########
[10:03:15] set-rate 0 → 0 ppm
[10:03:17] === cell #0/6: cell_00_drop0_semirdma_t200 (t+2s) ===
[10:10:48]     this=0 peer=0  final_loss=0.995238  mean_iter_ms=878.05
[10:10:48] === cell #1/6: cell_01_drop0_semirdma_layer_aware_t200 (t+453s) ===
[10:17:28]     this=0 peer=0  final_loss=0.913787  mean_iter_ms=769.16
[10:17:28] 
[10:17:28] ########## DROP_RATE=0.01 block ##########
[10:17:29] set-rate 0.01 → 10000 ppm
[10:17:31] === cell #2/6: cell_02_drop0.01_semirdma_t200 (t+856s) ===
[10:25:54]     this=0 peer=0  final_loss=0.954966  mean_iter_ms=980.65
[10:25:54] === cell #3/6: cell_03_drop0.01_semirdma_layer_aware_t200 (t+1359s) ===
[10:32:49]     this=0 peer=0  final_loss=1.060938  mean_iter_ms=797.50
[10:32:49] 
[10:32:49] ########## DROP_RATE=0.05 block ##########
[10:32:49] set-rate 0.05 → 50000 ppm
[10:32:51] === cell #4/6: cell_04_drop0.05_semirdma_t200 (t+1776s) ===
[10:41:20]     this=0 peer=0  final_loss=0.814179  mean_iter_ms=991.96
[10:41:20] === cell #5/6: cell_05_drop0.05_semirdma_layer_aware_t200 (t+2285s) ===
[10:47:52]     this=0 peer=0  final_loss=0.908899  mean_iter_ms=749.13
[10:47:52] set-rate 0 → 0 ppm
[10:47:54] 
[10:47:54] === P1 matrix done.  total elapsed: 2679s  cells: 6 ===
[10:47:54] 
[10:47:54] === summary ===
idx  drop_rate  transport             timeout_ms  rc  final_loss  mean_iter_ms  cell_dir
0    0          semirdma              200         0   0.995238    878.05        /tmp/p0_prb_v3_20260426_100315/seed42/cell_00_drop0_semirdma_t200
1    0          semirdma_layer_aware  200         0   0.913787    769.16        /tmp/p0_prb_v3_20260426_100315/seed42/cell_01_drop0_semirdma_layer_aware_t200
2    0.01       semirdma              200         0   0.954966    980.65        /tmp/p0_prb_v3_20260426_100315/seed42/cell_02_drop0.01_semirdma_t200
3    0.01       semirdma_layer_aware  200         0   1.060938    797.50        /tmp/p0_prb_v3_20260426_100315/seed42/cell_03_drop0.01_semirdma_layer_aware_t200
4    0.05       semirdma              200         0   0.814179    991.96        /tmp/p0_prb_v3_20260426_100315/seed42/cell_04_drop0.05_semirdma_t200
5    0.05       semirdma_layer_aware  200         0   0.908899    749.13        /tmp/p0_prb_v3_20260426_100315/seed42/cell_05_drop0.05_semirdma_layer_aware_t200
[10:47:54] 
[10:47:54] === output tree ===
/tmp/p0_prb_v3_20260426_100315/seed42/cell_00_drop0_semirdma_t200/
/tmp/p0_prb_v3_20260426_100315/seed42/cell_01_drop0_semirdma_layer_aware_t200/
/tmp/p0_prb_v3_20260426_100315/seed42/cell_02_drop0.01_semirdma_t200/
/tmp/p0_prb_v3_20260426_100315/seed42/cell_03_drop0.01_semirdma_layer_aware_t200/
/tmp/p0_prb_v3_20260426_100315/seed42/cell_04_drop0.05_semirdma_t200/
/tmp/p0_prb_v3_20260426_100315/seed42/cell_05_drop0.05_semirdma_layer_aware_t200/
