[2026-04-23 03:28:05,759][__main__][INFO] - Stage A config:
transport: semirdma
loss_rate: 0.01
seed: 123
steps: 500
warmup_steps: 10
data:
  root: ~/data/cifar10
  download: false
  batch_size: 128
  num_workers: 2
  pin_memory: false
model:
  name: resnet18
  num_classes: 10
optim:
  name: sgd
  lr: 0.1
  momentum: 0.9
  weight_decay: 0.0005
dist:
  world_size: 2
  master_addr: 10.10.1.1
  master_port: 29500
  semirdma_port: 31045
transport_cfg:
  dev_name: mlx5_2
  gid_index: 1
  buffer_bytes: 268435456
  chunk_bytes: 16384
  sq_depth: 512
  rq_depth: 16384
  ratio: 0.95
  timeout_ms: 5

[2026-04-23 03:28:06,799][semirdma._bootstrap][INFO] - bootstrap: listening on 0.0.0.0:31045
[2026-04-23 03:28:06,800][semirdma._bootstrap][INFO] - bootstrap: peer ('10.10.1.2', 36520) connected
[2026-04-23 03:28:06,803][semirdma.transport][INFO] - SemiRDMATransport up: local qpn=280 -> remote qpn=281, remote rkey=0x3e13
[2026-04-23 03:28:06,804][semirdma._bootstrap][INFO] - bootstrap: connected to 10.10.1.2:31046
[2026-04-23 03:28:06,805][semirdma.transport][INFO] - SemiRDMATransport up: local qpn=281 -> remote qpn=280, remote rkey=0x17ffe0
[2026-04-23 03:28:06,805][semirdma.hooks][INFO] - SemiRDMAHookState up: rank=0, tx qpn=280, rx qpn=281
[2026-04-23 03:28:08,192][__main__][INFO] - step=0 loss=2.2914 iter_ms=914.0
[2026-04-23 03:28:47,613][__main__][INFO] - step=50 loss=2.2197 iter_ms=790.2
[2026-04-23 03:29:27,071][__main__][INFO] - step=100 loss=1.8669 iter_ms=810.3
[2026-04-23 03:30:06,894][__main__][INFO] - step=150 loss=1.9442 iter_ms=789.3
[2026-04-23 03:30:47,515][__main__][INFO] - step=200 loss=1.7988 iter_ms=795.6
[2026-04-23 03:31:27,428][__main__][INFO] - step=250 loss=1.8136 iter_ms=772.6
[2026-04-23 03:32:07,046][__main__][INFO] - step=300 loss=1.6195 iter_ms=796.0
[2026-04-23 03:32:46,443][__main__][INFO] - step=350 loss=1.5604 iter_ms=735.8
[2026-04-23 03:33:25,892][__main__][INFO] - step=400 loss=1.6014 iter_ms=724.8
[2026-04-23 03:34:03,954][__main__][INFO] - step=450 loss=1.5298 iter_ms=719.3
[2026-04-23 03:34:40,976][__main__][INFO] - training done: 500 steps in 394.2s
