[2026-04-30 02:07:24,514][__main__][INFO] - Stage A config:
transport: rc_baseline
loss_rate: 0.01
seed: 41
steps: 200
warmup_steps: 50
data:
  root: /users/chen123/data/cifar10
  download: false
  batch_size: 128
  num_workers: 2
  pin_memory: false
model:
  name: resnet18
  num_classes: 10
optim:
  name: sgd
  lr: 0.1
  momentum: 0.9
  weight_decay: 0.0005
dist:
  world_size: 2
  master_addr: 127.0.0.1
  master_port: 29500
  semirdma_port: 29804
transport_cfg:
  dev_name: mlx5_2
  buffer_bytes: 134217728
  chunk_bytes: 16384
  sq_depth: 4096
  rq_depth: 8192
  ratio: 0.95
  timeout_ms: 20
  gid_index: 1
bucket_cap_mb: 512

[2026-04-30 02:07:32,365][__main__][INFO] - step=0 loss=2.3656 iter_ms=7087.3
[2026-04-30 02:12:57,035][__main__][INFO] - step=50 loss=1.9165 iter_ms=6559.1
[2026-04-30 02:18:19,908][__main__][INFO] - step=100 loss=1.6240 iter_ms=6429.7
[2026-04-30 02:23:40,636][__main__][INFO] - step=150 loss=1.5642 iter_ms=6317.6
[2026-04-30 02:28:55,787][__main__][INFO] - training done: 200 steps in 1290.6s
