[2026-04-23 04:06:31,776][__main__][INFO] - Stage A config:
transport: semirdma
loss_rate: 0.05
seed: 123
steps: 500
warmup_steps: 10
data:
  root: ~/data/cifar10
  download: false
  batch_size: 128
  num_workers: 2
  pin_memory: false
model:
  name: resnet18
  num_classes: 10
optim:
  name: sgd
  lr: 0.1
  momentum: 0.9
  weight_decay: 0.0005
dist:
  world_size: 2
  master_addr: 10.10.1.1
  master_port: 29500
  semirdma_port: 31105
transport_cfg:
  dev_name: mlx5_2
  gid_index: 1
  buffer_bytes: 268435456
  chunk_bytes: 16384
  sq_depth: 512
  rq_depth: 16384
  ratio: 0.95
  timeout_ms: 5

[2026-04-23 04:06:32,781][semirdma._bootstrap][INFO] - bootstrap: listening on 0.0.0.0:31105
[2026-04-23 04:06:32,786][semirdma._bootstrap][INFO] - bootstrap: peer ('10.10.1.2', 56830) connected
[2026-04-23 04:06:32,788][semirdma.transport][INFO] - SemiRDMATransport up: local qpn=292 -> remote qpn=293, remote rkey=0x204e8
[2026-04-23 04:06:32,790][semirdma._bootstrap][INFO] - bootstrap: connected to 10.10.1.2:31106
[2026-04-23 04:06:32,790][semirdma.transport][INFO] - SemiRDMATransport up: local qpn=293 -> remote qpn=292, remote rkey=0x1f0d4
[2026-04-23 04:06:32,790][semirdma.hooks][INFO] - SemiRDMAHookState up: rank=0, tx qpn=292, rx qpn=293
[2026-04-23 04:06:34,180][__main__][INFO] - step=0 loss=2.2914 iter_ms=916.1
[2026-04-23 04:07:13,243][__main__][INFO] - step=50 loss=2.1546 iter_ms=797.2
[2026-04-23 04:07:52,912][__main__][INFO] - step=100 loss=1.7650 iter_ms=764.4
[2026-04-23 04:08:31,938][__main__][INFO] - step=150 loss=1.6668 iter_ms=762.3
[2026-04-23 04:09:12,227][__main__][INFO] - step=200 loss=1.6307 iter_ms=755.0
[2026-04-23 04:09:50,398][__main__][INFO] - step=250 loss=1.4936 iter_ms=695.5
[2026-04-23 04:10:30,137][__main__][INFO] - step=300 loss=1.4423 iter_ms=788.2
[2026-04-23 04:11:08,765][__main__][INFO] - step=350 loss=1.3195 iter_ms=753.4
[2026-04-23 04:11:48,073][__main__][INFO] - step=400 loss=1.3774 iter_ms=751.3
[2026-04-23 04:12:27,364][__main__][INFO] - step=450 loss=1.2749 iter_ms=824.1
[2026-04-23 04:13:05,188][__main__][INFO] - training done: 500 steps in 392.4s
