ROOT=/tmp/p0_prb_v3_20260426_100315

########## seed=42 ##########
Sun Apr 26 10:03:15 AM MDT 2026
[10:03:15] === P1 matrix start (ts=20260426_100315  cells=6  steps=500) ===
[10:03:15]     transports=[semirdma semirdma_layer_aware]  timeouts=[200]  drop_rates=[0 0.01 0.05]  seed=42
[10:03:15]     middlebox=chen123@amd186.utah.cloudlab.us  (XDP dropbox — wire-level Bernoulli drop on UDP:4791)
[10:03:15]     gid_index=3 (IPv4-mapped RoCE v2 — required for ARP-spoof steering)
[10:03:15]     root=/tmp/p0_prb_v3_20260426_100315/seed42
[10:03:15] 
[10:03:15] ########## DROP_RATE=0 block ##########
[10:03:15] set-rate 0 → 0 ppm
[10:03:17] === cell #0/6: cell_00_drop0_semirdma_t200 (t+2s) ===
[10:10:48]     this=0 peer=0  final_loss=0.995238  mean_iter_ms=878.05
[10:10:48] === cell #1/6: cell_01_drop0_semirdma_layer_aware_t200 (t+453s) ===
[10:17:28]     this=0 peer=0  final_loss=0.913787  mean_iter_ms=769.16
[10:17:28] 
[10:17:28] ########## DROP_RATE=0.01 block ##########
[10:17:29] set-rate 0.01 → 10000 ppm
[10:17:31] === cell #2/6: cell_02_drop0.01_semirdma_t200 (t+856s) ===
[10:25:54]     this=0 peer=0  final_loss=0.954966  mean_iter_ms=980.65
[10:25:54] === cell #3/6: cell_03_drop0.01_semirdma_layer_aware_t200 (t+1359s) ===
[10:32:49]     this=0 peer=0  final_loss=1.060938  mean_iter_ms=797.50
[10:32:49] 
[10:32:49] ########## DROP_RATE=0.05 block ##########
[10:32:49] set-rate 0.05 → 50000 ppm
[10:32:51] === cell #4/6: cell_04_drop0.05_semirdma_t200 (t+1776s) ===
[10:41:20]     this=0 peer=0  final_loss=0.814179  mean_iter_ms=991.96
[10:41:20] === cell #5/6: cell_05_drop0.05_semirdma_layer_aware_t200 (t+2285s) ===
[10:47:52]     this=0 peer=0  final_loss=0.908899  mean_iter_ms=749.13
[10:47:52] set-rate 0 → 0 ppm
[10:47:54] 
[10:47:54] === P1 matrix done.  total elapsed: 2679s  cells: 6 ===
[10:47:54] 
[10:47:54] === summary ===
idx  drop_rate  transport             timeout_ms  rc  final_loss  mean_iter_ms  cell_dir
0    0          semirdma              200         0   0.995238    878.05        /tmp/p0_prb_v3_20260426_100315/seed42/cell_00_drop0_semirdma_t200
1    0          semirdma_layer_aware  200         0   0.913787    769.16        /tmp/p0_prb_v3_20260426_100315/seed42/cell_01_drop0_semirdma_layer_aware_t200
2    0.01       semirdma              200         0   0.954966    980.65        /tmp/p0_prb_v3_20260426_100315/seed42/cell_02_drop0.01_semirdma_t200
3    0.01       semirdma_layer_aware  200         0   1.060938    797.50        /tmp/p0_prb_v3_20260426_100315/seed42/cell_03_drop0.01_semirdma_layer_aware_t200
4    0.05       semirdma              200         0   0.814179    991.96        /tmp/p0_prb_v3_20260426_100315/seed42/cell_04_drop0.05_semirdma_t200
5    0.05       semirdma_layer_aware  200         0   0.908899    749.13        /tmp/p0_prb_v3_20260426_100315/seed42/cell_05_drop0.05_semirdma_layer_aware_t200
[10:47:54] 
[10:47:54] === output tree ===
/tmp/p0_prb_v3_20260426_100315/seed42/cell_00_drop0_semirdma_t200/
/tmp/p0_prb_v3_20260426_100315/seed42/cell_01_drop0_semirdma_layer_aware_t200/
/tmp/p0_prb_v3_20260426_100315/seed42/cell_02_drop0.01_semirdma_t200/
/tmp/p0_prb_v3_20260426_100315/seed42/cell_03_drop0.01_semirdma_layer_aware_t200/
/tmp/p0_prb_v3_20260426_100315/seed42/cell_04_drop0.05_semirdma_t200/
/tmp/p0_prb_v3_20260426_100315/seed42/cell_05_drop0.05_semirdma_layer_aware_t200/

########## seed=123 ##########
Sun Apr 26 10:47:54 AM MDT 2026
[10:47:54] === P1 matrix start (ts=20260426_104754  cells=6  steps=500) ===
[10:47:54]     transports=[semirdma semirdma_layer_aware]  timeouts=[200]  drop_rates=[0 0.01 0.05]  seed=123
[10:47:54]     middlebox=chen123@amd186.utah.cloudlab.us  (XDP dropbox — wire-level Bernoulli drop on UDP:4791)
[10:47:54]     gid_index=3 (IPv4-mapped RoCE v2 — required for ARP-spoof steering)
[10:47:54]     root=/tmp/p0_prb_v3_20260426_100315/seed123
[10:47:54] 
[10:47:54] ########## DROP_RATE=0 block ##########
[10:47:55] set-rate 0 → 0 ppm
[10:47:57] === cell #0/6: cell_00_drop0_semirdma_t200 (t+3s) ===
[10:54:56]     this=0 peer=0  final_loss=1.156047  mean_iter_ms=810.82
[10:54:56] === cell #1/6: cell_01_drop0_semirdma_layer_aware_t200 (t+422s) ===
[11:01:32]     this=0 peer=0  final_loss=1.173807  mean_iter_ms=757.71
[11:01:32] 
[11:01:32] ########## DROP_RATE=0.01 block ##########
[11:01:32] set-rate 0.01 → 10000 ppm
[11:01:34] === cell #2/6: cell_02_drop0.01_semirdma_t200 (t+820s) ===
[11:09:30]     this=0 peer=0  final_loss=1.081963  mean_iter_ms=927.06
[11:09:30] === cell #3/6: cell_03_drop0.01_semirdma_layer_aware_t200 (t+1296s) ===
[11:16:04]     this=0 peer=0  final_loss=1.331900  mean_iter_ms=755.95
[11:16:04] 
[11:16:04] ########## DROP_RATE=0.05 block ##########
[11:16:04] set-rate 0.05 → 50000 ppm
[11:16:06] === cell #4/6: cell_04_drop0.05_semirdma_t200 (t+1692s) ===
[11:24:02]     this=0 peer=0  final_loss=1.261512  mean_iter_ms=923.93
[11:24:02] === cell #5/6: cell_05_drop0.05_semirdma_layer_aware_t200 (t+2168s) ===
[11:25:14]     this=1 peer=1  final_loss=5.010358  mean_iter_ms=?
[11:25:14] set-rate 0 → 0 ppm
[11:25:16] 
[11:25:16] === P1 matrix done.  total elapsed: 2242s  cells: 6 ===
[11:25:16] 
[11:25:16] === summary ===
idx  drop_rate  transport             timeout_ms  rc  final_loss  mean_iter_ms  cell_dir
0    0          semirdma              200         0   1.156047    810.82        /tmp/p0_prb_v3_20260426_100315/seed123/cell_00_drop0_semirdma_t200
1    0          semirdma_layer_aware  200         0   1.173807    757.71        /tmp/p0_prb_v3_20260426_100315/seed123/cell_01_drop0_semirdma_layer_aware_t200
2    0.01       semirdma              200         0   1.081963    927.06        /tmp/p0_prb_v3_20260426_100315/seed123/cell_02_drop0.01_semirdma_t200
3    0.01       semirdma_layer_aware  200         0   1.331900    755.95        /tmp/p0_prb_v3_20260426_100315/seed123/cell_03_drop0.01_semirdma_layer_aware_t200
4    0.05       semirdma              200         0   1.261512    923.93        /tmp/p0_prb_v3_20260426_100315/seed123/cell_04_drop0.05_semirdma_t200
5    0.05       semirdma_layer_aware  200         1   5.010358    ?             /tmp/p0_prb_v3_20260426_100315/seed123/cell_05_drop0.05_semirdma_layer_aware_t200
[11:25:16] 
[11:25:16] === output tree ===
/tmp/p0_prb_v3_20260426_100315/seed123/cell_00_drop0_semirdma_t200/
/tmp/p0_prb_v3_20260426_100315/seed123/cell_01_drop0_semirdma_layer_aware_t200/
/tmp/p0_prb_v3_20260426_100315/seed123/cell_02_drop0.01_semirdma_t200/
/tmp/p0_prb_v3_20260426_100315/seed123/cell_03_drop0.01_semirdma_layer_aware_t200/
/tmp/p0_prb_v3_20260426_100315/seed123/cell_04_drop0.05_semirdma_t200/
/tmp/p0_prb_v3_20260426_100315/seed123/cell_05_drop0.05_semirdma_layer_aware_t200/

########## seed=7 ##########
Sun Apr 26 11:25:16 AM MDT 2026
[11:25:16] === P1 matrix start (ts=20260426_112516  cells=6  steps=500) ===
[11:25:16]     transports=[semirdma semirdma_layer_aware]  timeouts=[200]  drop_rates=[0 0.01 0.05]  seed=7
[11:25:16]     middlebox=chen123@amd186.utah.cloudlab.us  (XDP dropbox — wire-level Bernoulli drop on UDP:4791)
[11:25:16]     gid_index=3 (IPv4-mapped RoCE v2 — required for ARP-spoof steering)
[11:25:16]     root=/tmp/p0_prb_v3_20260426_100315/seed7
[11:25:16] 
[11:25:16] ########## DROP_RATE=0 block ##########
[11:25:17] set-rate 0 → 0 ppm
[11:25:19] === cell #0/6: cell_00_drop0_semirdma_t200 (t+3s) ===
[11:32:47]     this=0 peer=0  final_loss=1.111833  mean_iter_ms=871.90
[11:32:47] === cell #1/6: cell_01_drop0_semirdma_layer_aware_t200 (t+451s) ===
[11:39:17]     this=0 peer=0  final_loss=1.240513  mean_iter_ms=746.46
[11:39:17] 
[11:39:17] ########## DROP_RATE=0.01 block ##########
[11:39:17] set-rate 0.01 → 10000 ppm
[11:39:19] === cell #2/6: cell_02_drop0.01_semirdma_t200 (t+843s) ===
[11:47:44]     this=0 peer=0  final_loss=1.102832  mean_iter_ms=982.49
[11:47:44] === cell #3/6: cell_03_drop0.01_semirdma_layer_aware_t200 (t+1348s) ===
[11:54:21]     this=0 peer=0  final_loss=1.326528  mean_iter_ms=763.62
[11:54:21] 
[11:54:21] ########## DROP_RATE=0.05 block ##########
[11:54:21] set-rate 0.05 → 50000 ppm
[11:54:23] === cell #4/6: cell_04_drop0.05_semirdma_t200 (t+1747s) ===
[12:02:16]     this=0 peer=0  final_loss=1.035476  mean_iter_ms=916.26
[12:02:16] === cell #5/6: cell_05_drop0.05_semirdma_layer_aware_t200 (t+2220s) ===
[12:08:52]     this=0 peer=0  final_loss=1.239786  mean_iter_ms=759.65
[12:08:53] set-rate 0 → 0 ppm
[12:08:55] 
[12:08:55] === P1 matrix done.  total elapsed: 2619s  cells: 6 ===
[12:08:55] 
[12:08:55] === summary ===
idx  drop_rate  transport             timeout_ms  rc  final_loss  mean_iter_ms  cell_dir
0    0          semirdma              200         0   1.111833    871.90        /tmp/p0_prb_v3_20260426_100315/seed7/cell_00_drop0_semirdma_t200
1    0          semirdma_layer_aware  200         0   1.240513    746.46        /tmp/p0_prb_v3_20260426_100315/seed7/cell_01_drop0_semirdma_layer_aware_t200
2    0.01       semirdma              200         0   1.102832    982.49        /tmp/p0_prb_v3_20260426_100315/seed7/cell_02_drop0.01_semirdma_t200
3    0.01       semirdma_layer_aware  200         0   1.326528    763.62        /tmp/p0_prb_v3_20260426_100315/seed7/cell_03_drop0.01_semirdma_layer_aware_t200
4    0.05       semirdma              200         0   1.035476    916.26        /tmp/p0_prb_v3_20260426_100315/seed7/cell_04_drop0.05_semirdma_t200
5    0.05       semirdma_layer_aware  200         0   1.239786    759.65        /tmp/p0_prb_v3_20260426_100315/seed7/cell_05_drop0.05_semirdma_layer_aware_t200
[12:08:55] 
[12:08:55] === output tree ===
/tmp/p0_prb_v3_20260426_100315/seed7/cell_00_drop0_semirdma_t200/
/tmp/p0_prb_v3_20260426_100315/seed7/cell_01_drop0_semirdma_layer_aware_t200/
/tmp/p0_prb_v3_20260426_100315/seed7/cell_02_drop0.01_semirdma_t200/
/tmp/p0_prb_v3_20260426_100315/seed7/cell_03_drop0.01_semirdma_layer_aware_t200/
/tmp/p0_prb_v3_20260426_100315/seed7/cell_04_drop0.05_semirdma_t200/
/tmp/p0_prb_v3_20260426_100315/seed7/cell_05_drop0.05_semirdma_layer_aware_t200/

=== PR-B v3 done.  total elapsed: 7540s ===
Sun Apr 26 12:08:55 PM MDT 2026
