[12:37:12] === P1 matrix start (ts=20260426_123712  cells=1  steps=500) ===
[12:37:12]     transports=[semirdma_layer_aware]  timeouts=[200]  drop_rates=[0.05]  seed=123
[12:37:12]     middlebox=chen123@amd186.utah.cloudlab.us  (XDP dropbox — wire-level Bernoulli drop on UDP:4791)
[12:37:12]     gid_index=3 (IPv4-mapped RoCE v2 — required for ARP-spoof steering)
[12:37:12]     root=/tmp/p1_repro_122328/run3
[12:37:12] 
[12:37:12] ########## DROP_RATE=0.05 block ##########
[12:37:12] set-rate 0.05 → 50000 ppm
[12:37:14] === cell #0/1: cell_00_drop0.05_semirdma_layer_aware_t200 (t+2s) ===
[12:43:48]     this=0 peer=0  final_loss=1.447185  mean_iter_ms=754.58
[12:43:49] set-rate 0 → 0 ppm
[12:43:51] 
[12:43:51] === P1 matrix done.  total elapsed: 399s  cells: 1 ===
[12:43:51] 
[12:43:51] === summary ===
idx  drop_rate  transport             timeout_ms  rc  final_loss  mean_iter_ms  cell_dir
0    0.05       semirdma_layer_aware  200         0   1.447185    754.58        /tmp/p1_repro_122328/run3/cell_00_drop0.05_semirdma_layer_aware_t200
[12:43:51] 
[12:43:51] === output tree ===
/tmp/p1_repro_122328/run3/cell_00_drop0.05_semirdma_layer_aware_t200/
