[2026-04-25 13:12:02,081][__main__][INFO] - Stage A config:
transport: rc_lossy
loss_rate: 0.05
seed: 123
steps: 500
warmup_steps: 10
data:
  root: ~/data/cifar10
  download: false
  batch_size: 128
  num_workers: 2
  pin_memory: false
model:
  name: resnet18
  num_classes: 10
optim:
  name: sgd
  lr: 0.1
  momentum: 0.9
  weight_decay: 0.0005
dist:
  world_size: 2
  master_addr: 10.10.1.1
  master_port: 29500
  semirdma_port: 32075
transport_cfg:
  dev_name: mlx5_2
  gid_index: 3
  buffer_bytes: 268435456
  chunk_bytes: 4096
  sq_depth: 8
  rq_depth: 16384
  ratio: 0.95
  timeout_ms: 200

[2026-04-25 13:12:03,842][__main__][INFO] - step=0 loss=2.2914 iter_ms=953.4
[2026-04-25 13:12:45,283][__main__][INFO] - step=50 loss=2.1646 iter_ms=771.0
[2026-04-25 13:13:24,357][__main__][INFO] - step=100 loss=1.9312 iter_ms=778.3
[2026-04-25 13:14:03,338][__main__][INFO] - step=150 loss=1.8174 iter_ms=738.4
[2026-04-25 13:14:44,781][__main__][INFO] - step=200 loss=1.6851 iter_ms=734.5
[2026-04-25 13:15:24,578][__main__][INFO] - step=250 loss=1.5779 iter_ms=820.0
[2026-04-25 13:16:05,021][__main__][INFO] - step=300 loss=1.4956 iter_ms=786.1
[2026-04-25 13:16:45,419][__main__][INFO] - step=350 loss=1.3496 iter_ms=763.3
[2026-04-25 13:17:25,465][__main__][INFO] - step=400 loss=1.4201 iter_ms=778.3
[2026-04-25 13:18:06,707][__main__][INFO] - step=450 loss=1.3135 iter_ms=805.5
[2026-04-25 13:18:48,005][__main__][INFO] - training done: 500 steps in 405.2s
