ROOT=/tmp/p0_3seed_ref_20260425_110928

########## seed=42 ##########
Sat Apr 25 11:09:28 AM MDT 2026
[11:09:28] === P1 matrix start (ts=20260425_110928  cells=9  steps=500) ===
[11:09:28]     transports=[rc_rdma rc_lossy semirdma]  timeouts=[200]  drop_rates=[0 0.01 0.05]  seed=42
[11:09:28]     rc_rdma params: rc_timeout=14 (~67.1 ms/retry)  rc_retry_cnt=7
[11:09:28]     middlebox=chen123@amd186.utah.cloudlab.us  (XDP dropbox — wire-level Bernoulli drop on UDP:4791)
[11:09:28]     gid_index=3 (IPv4-mapped RoCE v2 — required for ARP-spoof steering)
[11:09:28]     root=/tmp/p0_3seed_ref_20260425_110928/seed42
[11:09:28] 
[11:09:28] ########## DROP_RATE=0 block ##########
[11:09:28] set-rate 0 → 0 ppm
[11:09:30] === cell #0/9: cell_00_drop0_rc_rdma_t200 (t+2s) ===
[11:17:18]     this=0 peer=0  final_loss=0.860358  mean_iter_ms=908.09
[11:17:18] === cell #1/9: cell_01_drop0_rc_lossy_t200 (t+470s) ===
[11:23:44]     this=0 peer=0  final_loss=0.860358  mean_iter_ms=744.86
[11:23:44] === cell #2/9: cell_02_drop0_semirdma_t200 (t+856s) ===
[11:31:32]     this=0 peer=0  final_loss=0.923741  mean_iter_ms=911.07
[11:31:32] 
[11:31:32] ########## DROP_RATE=0.01 block ##########
[11:31:33] set-rate 0.01 → 10000 ppm
[11:31:35] === cell #3/9: cell_03_drop0.01_rc_rdma_t200 (t+1327s) ===
[11:46:43]     this=124 peer=1  final_loss=2535.43  mean_iter_ms=
[11:46:43] === cell #4/9: cell_04_drop0.01_rc_lossy_t200 (t+2235s) ===
[11:53:23]     this=0 peer=0  final_loss=1.001218  mean_iter_ms=772.86
[11:53:23] === cell #5/9: cell_05_drop0.01_semirdma_t200 (t+2635s) ===
[12:01:54]     this=0 peer=0  final_loss=0.793439  mean_iter_ms=993.19
[12:01:54] 
[12:01:54] ########## DROP_RATE=0.05 block ##########
[12:01:55] set-rate 0.05 → 50000 ppm
[12:01:57] === cell #6/9: cell_06_drop0.05_rc_rdma_t200 (t+3149s) ===
[12:03:02]     this=1 peer=1  final_loss=loss  mean_iter_ms=?
[12:03:02] === cell #7/9: cell_07_drop0.05_rc_lossy_t200 (t+3214s) ===
[12:09:45]     this=0 peer=0  final_loss=0.803703  mean_iter_ms=779.88
[12:09:45] === cell #8/9: cell_08_drop0.05_semirdma_t200 (t+3617s) ===
[12:18:02]     this=0 peer=0  final_loss=1.042317  mean_iter_ms=963.77
[12:18:02] set-rate 0 → 0 ppm
[12:18:04] 
[12:18:04] === P1 matrix done.  total elapsed: 4116s  cells: 9 ===
[12:18:04] 
[12:18:04] === summary ===
idx  drop_rate  transport  timeout_ms  rc   final_loss  mean_iter_ms  cell_dir
0    0          rc_rdma    200         0    0.860358    908.09        /tmp/p0_3seed_ref_20260425_110928/seed42/cell_00_drop0_rc_rdma_t200
1    0          rc_lossy   200         0    0.860358    744.86        /tmp/p0_3seed_ref_20260425_110928/seed42/cell_01_drop0_rc_lossy_t200
2    0          semirdma   200         0    0.923741    911.07        /tmp/p0_3seed_ref_20260425_110928/seed42/cell_02_drop0_semirdma_t200
3    0.01       rc_rdma    200         124  2535.43                   /tmp/p0_3seed_ref_20260425_110928/seed42/cell_03_drop0.01_rc_rdma_t200
4    0.01       rc_lossy   200         0    1.001218    772.86        /tmp/p0_3seed_ref_20260425_110928/seed42/cell_04_drop0.01_rc_lossy_t200
5    0.01       semirdma   200         0    0.793439    993.19        /tmp/p0_3seed_ref_20260425_110928/seed42/cell_05_drop0.01_semirdma_t200
6    0.05       rc_rdma    200         1    loss        ?             /tmp/p0_3seed_ref_20260425_110928/seed42/cell_06_drop0.05_rc_rdma_t200
7    0.05       rc_lossy   200         0    0.803703    779.88        /tmp/p0_3seed_ref_20260425_110928/seed42/cell_07_drop0.05_rc_lossy_t200
8    0.05       semirdma   200         0    1.042317    963.77        /tmp/p0_3seed_ref_20260425_110928/seed42/cell_08_drop0.05_semirdma_t200
[12:18:04] 
[12:18:04] === output tree ===
/tmp/p0_3seed_ref_20260425_110928/seed42/cell_00_drop0_rc_rdma_t200/
/tmp/p0_3seed_ref_20260425_110928/seed42/cell_01_drop0_rc_lossy_t200/
/tmp/p0_3seed_ref_20260425_110928/seed42/cell_02_drop0_semirdma_t200/
/tmp/p0_3seed_ref_20260425_110928/seed42/cell_03_drop0.01_rc_rdma_t200/
/tmp/p0_3seed_ref_20260425_110928/seed42/cell_04_drop0.01_rc_lossy_t200/
/tmp/p0_3seed_ref_20260425_110928/seed42/cell_05_drop0.01_semirdma_t200/
/tmp/p0_3seed_ref_20260425_110928/seed42/cell_06_drop0.05_rc_rdma_t200/
/tmp/p0_3seed_ref_20260425_110928/seed42/cell_07_drop0.05_rc_lossy_t200/
/tmp/p0_3seed_ref_20260425_110928/seed42/cell_08_drop0.05_semirdma_t200/

########## seed=123 ##########
Sat Apr 25 12:18:04 PM MDT 2026
[12:18:04] === P1 matrix start (ts=20260425_121804  cells=9  steps=500) ===
[12:18:04]     transports=[rc_rdma rc_lossy semirdma]  timeouts=[200]  drop_rates=[0 0.01 0.05]  seed=123
[12:18:04]     rc_rdma params: rc_timeout=14 (~67.1 ms/retry)  rc_retry_cnt=7
[12:18:04]     middlebox=chen123@amd186.utah.cloudlab.us  (XDP dropbox — wire-level Bernoulli drop on UDP:4791)
[12:18:04]     gid_index=3 (IPv4-mapped RoCE v2 — required for ARP-spoof steering)
[12:18:04]     root=/tmp/p0_3seed_ref_20260425_110928/seed123
[12:18:04] 
[12:18:04] ########## DROP_RATE=0 block ##########
[12:18:05] set-rate 0 → 0 ppm
[12:18:07] === cell #0/9: cell_00_drop0_rc_rdma_t200 (t+3s) ===
[12:26:55]     this=0 peer=0  final_loss=1.121266  mean_iter_ms=1028.21
[12:26:55] === cell #1/9: cell_01_drop0_rc_lossy_t200 (t+531s) ===
[12:33:37]     this=0 peer=0  final_loss=1.121266  mean_iter_ms=777.09
[12:33:37] === cell #2/9: cell_02_drop0_semirdma_t200 (t+933s) ===
[12:40:50]     this=0 peer=0  final_loss=1.205703  mean_iter_ms=838.18
[12:40:50] 
[12:40:50] ########## DROP_RATE=0.01 block ##########
[12:40:51] set-rate 0.01 → 10000 ppm
[12:40:53] === cell #3/9: cell_03_drop0.01_rc_rdma_t200 (t+1369s) ===
[12:56:27]     this=124 peer=1  final_loss=2365.03  mean_iter_ms=
[12:56:27] === cell #4/9: cell_04_drop0.01_rc_lossy_t200 (t+2303s) ===
[13:02:42]     this=0 peer=0  final_loss=1.170617  mean_iter_ms=726.12
[13:02:42] === cell #5/9: cell_05_drop0.01_semirdma_t200 (t+2678s) ===
[13:11:12]     this=0 peer=0  final_loss=1.308638  mean_iter_ms=990.87
[13:11:12] 
[13:11:12] ########## DROP_RATE=0.05 block ##########
[13:11:12] set-rate 0.05 → 50000 ppm
[13:11:14] === cell #6/9: cell_06_drop0.05_rc_rdma_t200 (t+3190s) ===
[13:11:55]     this=1 peer=1  final_loss=loss  mean_iter_ms=?
[13:11:55] === cell #7/9: cell_07_drop0.05_rc_lossy_t200 (t+3231s) ===
[13:18:49]     this=0 peer=0  final_loss=1.366638  mean_iter_ms=804.27
[13:18:49] === cell #8/9: cell_08_drop0.05_semirdma_t200 (t+3645s) ===
[13:26:59]     this=0 peer=0  final_loss=1.225364  mean_iter_ms=952.50
[13:26:59] set-rate 0 → 0 ppm
[13:27:01] 
[13:27:01] === P1 matrix done.  total elapsed: 4137s  cells: 9 ===
[13:27:01] 
[13:27:01] === summary ===
idx  drop_rate  transport  timeout_ms  rc   final_loss  mean_iter_ms  cell_dir
0    0          rc_rdma    200         0    1.121266    1028.21       /tmp/p0_3seed_ref_20260425_110928/seed123/cell_00_drop0_rc_rdma_t200
1    0          rc_lossy   200         0    1.121266    777.09        /tmp/p0_3seed_ref_20260425_110928/seed123/cell_01_drop0_rc_lossy_t200
2    0          semirdma   200         0    1.205703    838.18        /tmp/p0_3seed_ref_20260425_110928/seed123/cell_02_drop0_semirdma_t200
3    0.01       rc_rdma    200         124  2365.03                   /tmp/p0_3seed_ref_20260425_110928/seed123/cell_03_drop0.01_rc_rdma_t200
4    0.01       rc_lossy   200         0    1.170617    726.12        /tmp/p0_3seed_ref_20260425_110928/seed123/cell_04_drop0.01_rc_lossy_t200
5    0.01       semirdma   200         0    1.308638    990.87        /tmp/p0_3seed_ref_20260425_110928/seed123/cell_05_drop0.01_semirdma_t200
6    0.05       rc_rdma    200         1    loss        ?             /tmp/p0_3seed_ref_20260425_110928/seed123/cell_06_drop0.05_rc_rdma_t200
7    0.05       rc_lossy   200         0    1.366638    804.27        /tmp/p0_3seed_ref_20260425_110928/seed123/cell_07_drop0.05_rc_lossy_t200
8    0.05       semirdma   200         0    1.225364    952.50        /tmp/p0_3seed_ref_20260425_110928/seed123/cell_08_drop0.05_semirdma_t200
[13:27:01] 
[13:27:01] === output tree ===
/tmp/p0_3seed_ref_20260425_110928/seed123/cell_00_drop0_rc_rdma_t200/
/tmp/p0_3seed_ref_20260425_110928/seed123/cell_01_drop0_rc_lossy_t200/
/tmp/p0_3seed_ref_20260425_110928/seed123/cell_02_drop0_semirdma_t200/
/tmp/p0_3seed_ref_20260425_110928/seed123/cell_03_drop0.01_rc_rdma_t200/
/tmp/p0_3seed_ref_20260425_110928/seed123/cell_04_drop0.01_rc_lossy_t200/
/tmp/p0_3seed_ref_20260425_110928/seed123/cell_05_drop0.01_semirdma_t200/
/tmp/p0_3seed_ref_20260425_110928/seed123/cell_06_drop0.05_rc_rdma_t200/
/tmp/p0_3seed_ref_20260425_110928/seed123/cell_07_drop0.05_rc_lossy_t200/
/tmp/p0_3seed_ref_20260425_110928/seed123/cell_08_drop0.05_semirdma_t200/

########## seed=7 ##########
Sat Apr 25 01:27:01 PM MDT 2026
[13:27:01] === P1 matrix start (ts=20260425_132701  cells=9  steps=500) ===
[13:27:01]     transports=[rc_rdma rc_lossy semirdma]  timeouts=[200]  drop_rates=[0 0.01 0.05]  seed=7
[13:27:01]     rc_rdma params: rc_timeout=14 (~67.1 ms/retry)  rc_retry_cnt=7
[13:27:01]     middlebox=chen123@amd186.utah.cloudlab.us  (XDP dropbox — wire-level Bernoulli drop on UDP:4791)
[13:27:01]     gid_index=3 (IPv4-mapped RoCE v2 — required for ARP-spoof steering)
[13:27:01]     root=/tmp/p0_3seed_ref_20260425_110928/seed7
[13:27:01] 
[13:27:01] ########## DROP_RATE=0 block ##########
[13:27:02] set-rate 0 → 0 ppm
[13:27:04] === cell #0/9: cell_00_drop0_rc_rdma_t200 (t+3s) ===
[13:35:08]     this=0 peer=0  final_loss=1.034479  mean_iter_ms=938.33
[13:35:08] === cell #1/9: cell_01_drop0_rc_lossy_t200 (t+487s) ===
[13:42:12]     this=0 peer=0  final_loss=1.034479  mean_iter_ms=826.33
[13:42:12] === cell #2/9: cell_02_drop0_semirdma_t200 (t+911s) ===
[13:49:12]     this=0 peer=0  final_loss=1.033701  mean_iter_ms=809.50
[13:49:12] 
[13:49:12] ########## DROP_RATE=0.01 block ##########
[13:49:12] set-rate 0.01 → 10000 ppm
[13:49:14] === cell #3/9: cell_03_drop0.01_rc_rdma_t200 (t+1333s) ===
[14:04:23]     this=124 peer=1  final_loss=2599.23  mean_iter_ms=
[14:04:23] === cell #4/9: cell_04_drop0.01_rc_lossy_t200 (t+2242s) ===
[14:10:58]     this=0 peer=0  final_loss=1.040481  mean_iter_ms=764.38
[14:10:58] === cell #5/9: cell_05_drop0.01_semirdma_t200 (t+2637s) ===
[14:19:33]     this=0 peer=0  final_loss=1.070958  mean_iter_ms=1000.84
[14:19:33] 
[14:19:33] ########## DROP_RATE=0.05 block ##########
[14:19:33] set-rate 0.05 → 50000 ppm
[14:19:35] === cell #6/9: cell_06_drop0.05_rc_rdma_t200 (t+3154s) ===
[14:20:43]     this=1 peer=1  final_loss=loss  mean_iter_ms=?
[14:20:43] === cell #7/9: cell_07_drop0.05_rc_lossy_t200 (t+3222s) ===
[14:27:08]     this=0 peer=0  final_loss=0.912711  mean_iter_ms=748.15
[14:27:08] === cell #8/9: cell_08_drop0.05_semirdma_t200 (t+3607s) ===
[14:35:43]     this=0 peer=0  final_loss=1.160673  mean_iter_ms=1000.24
[14:35:43] set-rate 0 → 0 ppm
[14:35:45] 
[14:35:45] === P1 matrix done.  total elapsed: 4124s  cells: 9 ===
[14:35:45] 
[14:35:45] === summary ===
idx  drop_rate  transport  timeout_ms  rc   final_loss  mean_iter_ms  cell_dir
0    0          rc_rdma    200         0    1.034479    938.33        /tmp/p0_3seed_ref_20260425_110928/seed7/cell_00_drop0_rc_rdma_t200
1    0          rc_lossy   200         0    1.034479    826.33        /tmp/p0_3seed_ref_20260425_110928/seed7/cell_01_drop0_rc_lossy_t200
2    0          semirdma   200         0    1.033701    809.50        /tmp/p0_3seed_ref_20260425_110928/seed7/cell_02_drop0_semirdma_t200
3    0.01       rc_rdma    200         124  2599.23                   /tmp/p0_3seed_ref_20260425_110928/seed7/cell_03_drop0.01_rc_rdma_t200
4    0.01       rc_lossy   200         0    1.040481    764.38        /tmp/p0_3seed_ref_20260425_110928/seed7/cell_04_drop0.01_rc_lossy_t200
5    0.01       semirdma   200         0    1.070958    1000.84       /tmp/p0_3seed_ref_20260425_110928/seed7/cell_05_drop0.01_semirdma_t200
6    0.05       rc_rdma    200         1    loss        ?             /tmp/p0_3seed_ref_20260425_110928/seed7/cell_06_drop0.05_rc_rdma_t200
7    0.05       rc_lossy   200         0    0.912711    748.15        /tmp/p0_3seed_ref_20260425_110928/seed7/cell_07_drop0.05_rc_lossy_t200
8    0.05       semirdma   200         0    1.160673    1000.24       /tmp/p0_3seed_ref_20260425_110928/seed7/cell_08_drop0.05_semirdma_t200
[14:35:45] 
[14:35:45] === output tree ===
/tmp/p0_3seed_ref_20260425_110928/seed7/cell_00_drop0_rc_rdma_t200/
/tmp/p0_3seed_ref_20260425_110928/seed7/cell_01_drop0_rc_lossy_t200/
/tmp/p0_3seed_ref_20260425_110928/seed7/cell_02_drop0_semirdma_t200/
/tmp/p0_3seed_ref_20260425_110928/seed7/cell_03_drop0.01_rc_rdma_t200/
/tmp/p0_3seed_ref_20260425_110928/seed7/cell_04_drop0.01_rc_lossy_t200/
/tmp/p0_3seed_ref_20260425_110928/seed7/cell_05_drop0.01_semirdma_t200/
/tmp/p0_3seed_ref_20260425_110928/seed7/cell_06_drop0.05_rc_rdma_t200/
/tmp/p0_3seed_ref_20260425_110928/seed7/cell_07_drop0.05_rc_lossy_t200/
/tmp/p0_3seed_ref_20260425_110928/seed7/cell_08_drop0.05_semirdma_t200/

=== sweep done.  total elapsed: 12377s ===
Sat Apr 25 02:35:45 PM MDT 2026
