[2026-04-23 03:21:33,416][__main__][INFO] - Stage A config:
transport: semirdma
loss_rate: 0.01
seed: 42
steps: 500
warmup_steps: 10
data:
  root: ~/data/cifar10
  download: false
  batch_size: 128
  num_workers: 2
  pin_memory: false
model:
  name: resnet18
  num_classes: 10
optim:
  name: sgd
  lr: 0.1
  momentum: 0.9
  weight_decay: 0.0005
dist:
  world_size: 2
  master_addr: 10.10.1.1
  master_port: 29500
  semirdma_port: 31035
transport_cfg:
  dev_name: mlx5_2
  gid_index: 1
  buffer_bytes: 268435456
  chunk_bytes: 16384
  sq_depth: 512
  rq_depth: 16384
  ratio: 0.95
  timeout_ms: 5

[2026-04-23 03:21:34,436][semirdma._bootstrap][INFO] - bootstrap: listening on 0.0.0.0:31035
[2026-04-23 03:21:34,443][semirdma._bootstrap][INFO] - bootstrap: peer ('10.10.1.2', 54444) connected
[2026-04-23 03:21:34,445][semirdma.transport][INFO] - SemiRDMATransport up: local qpn=278 -> remote qpn=279, remote rkey=0x17fedf
[2026-04-23 03:21:34,446][semirdma._bootstrap][INFO] - bootstrap: connected to 10.10.1.2:31036
[2026-04-23 03:21:34,447][semirdma.transport][INFO] - SemiRDMATransport up: local qpn=279 -> remote qpn=278, remote rkey=0x23f1f
[2026-04-23 03:21:34,447][semirdma.hooks][INFO] - SemiRDMAHookState up: rank=0, tx qpn=278, rx qpn=279
[2026-04-23 03:21:35,850][__main__][INFO] - step=0 loss=2.4233 iter_ms=924.5
[2026-04-23 03:22:14,497][__main__][INFO] - step=50 loss=2.2784 iter_ms=720.2
[2026-04-23 03:22:52,805][__main__][INFO] - step=100 loss=2.0026 iter_ms=750.5
[2026-04-23 03:23:31,284][__main__][INFO] - step=150 loss=1.9479 iter_ms=815.9
[2026-04-23 03:24:11,133][__main__][INFO] - step=200 loss=1.8064 iter_ms=756.6
[2026-04-23 03:24:49,947][__main__][INFO] - step=250 loss=1.6307 iter_ms=806.7
[2026-04-23 03:25:28,611][__main__][INFO] - step=300 loss=1.6503 iter_ms=759.0
[2026-04-23 03:26:06,643][__main__][INFO] - step=350 loss=1.6048 iter_ms=763.4
[2026-04-23 03:26:45,742][__main__][INFO] - step=400 loss=1.3804 iter_ms=732.8
[2026-04-23 03:27:21,866][__main__][INFO] - step=450 loss=1.3570 iter_ms=761.0
[2026-04-23 03:27:57,562][__main__][INFO] - training done: 500 steps in 383.1s
