[2026-04-25 12:18:14,680][__main__][INFO] - Stage A config:
transport: rc_rdma
loss_rate: 0.0
seed: 123
steps: 500
warmup_steps: 10
data:
  root: ~/data/cifar10
  download: false
  batch_size: 128
  num_workers: 2
  pin_memory: false
model:
  name: resnet18
  num_classes: 10
optim:
  name: sgd
  lr: 0.1
  momentum: 0.9
  weight_decay: 0.0005
dist:
  world_size: 2
  master_addr: 10.10.1.1
  master_port: 29500
  semirdma_port: 32005
transport_cfg:
  dev_name: mlx5_2
  gid_index: 3
  buffer_bytes: 268435456
  chunk_bytes: 4096
  sq_depth: 8
  rq_depth: 16384
  ratio: 0.95
  timeout_ms: 200
  rc_timeout: 14
  rc_retry_cnt: 7

[2026-04-25 12:18:15,716][semirdma._bootstrap][INFO] - bootstrap: listening on 0.0.0.0:32005
[2026-04-25 12:18:15,720][semirdma._bootstrap][INFO] - bootstrap: peer ('10.10.1.3', 37412) connected
[2026-04-25 12:18:15,722][semirdma.baselines.rc_rdma_transport][INFO] - ReliableRDMATransport up: local qpn=690 -> remote qpn=677, remote rkey=0x1807f6 (qp_type=rc, timeout=14, retry_cnt=7)
[2026-04-25 12:18:15,723][semirdma._bootstrap][INFO] - bootstrap: connected to 10.10.1.3:32006
[2026-04-25 12:18:15,724][semirdma.baselines.rc_rdma_transport][INFO] - ReliableRDMATransport up: local qpn=691 -> remote qpn=676, remote rkey=0x1806f5 (qp_type=rc, timeout=14, retry_cnt=7)
[2026-04-25 12:18:15,724][semirdma.baselines.rc_rdma_hook][INFO] - RCRDMAHookState up: rank=0 tx qpn=690 rx qpn=691 (rc_timeout=14, rc_retry_cnt=7)
[2026-04-25 12:18:17,237][__main__][INFO] - step=0 loss=2.2914 iter_ms=1007.6
[2026-04-25 12:19:09,476][__main__][INFO] - step=50 loss=2.0688 iter_ms=844.1
[2026-04-25 12:19:58,520][__main__][INFO] - step=100 loss=1.7420 iter_ms=974.2
[2026-04-25 12:20:58,004][__main__][INFO] - step=150 loss=1.5783 iter_ms=857.7
[2026-04-25 12:21:50,969][__main__][INFO] - step=200 loss=1.6051 iter_ms=849.6
[2026-04-25 12:22:45,309][__main__][INFO] - step=250 loss=1.4312 iter_ms=783.8
[2026-04-25 12:23:31,196][__main__][INFO] - step=300 loss=1.3449 iter_ms=804.9
[2026-04-25 12:24:18,739][__main__][INFO] - step=350 loss=1.1503 iter_ms=812.2
[2026-04-25 12:25:07,885][__main__][INFO] - step=400 loss=1.3186 iter_ms=1083.4
[2026-04-25 12:26:04,511][__main__][INFO] - step=450 loss=1.0832 iter_ms=1624.3
[2026-04-25 12:26:54,336][__main__][INFO] - training done: 500 steps in 518.6s
