[2026-04-23 04:32:06,734][__main__][INFO] - Stage A config:
transport: rc_baseline
loss_rate: 0.0
seed: 123
steps: 500
warmup_steps: 10
data:
  root: ~/data/cifar10
  download: false
  batch_size: 128
  num_workers: 2
  pin_memory: false
model:
  name: resnet18
  num_classes: 10
optim:
  name: sgd
  lr: 0.1
  momentum: 0.9
  weight_decay: 0.0005
dist:
  world_size: 2
  master_addr: 10.10.1.1
  master_port: 29500
  semirdma_port: 29700
transport_cfg:
  dev_name: mlx5_2
  gid_index: 1
  buffer_bytes: 268435456
  chunk_bytes: 16384
  sq_depth: 512
  rq_depth: 16384
  ratio: 0.95
  timeout_ms: 5

[2026-04-23 04:32:08,538][__main__][INFO] - step=0 loss=2.2914 iter_ms=978.8
[2026-04-23 04:32:50,205][__main__][INFO] - step=50 loss=2.0688 iter_ms=822.3
[2026-04-23 04:33:31,793][__main__][INFO] - step=100 loss=1.7420 iter_ms=826.8
[2026-04-23 04:34:14,237][__main__][INFO] - step=150 loss=1.5783 iter_ms=813.7
[2026-04-23 04:34:55,978][__main__][INFO] - step=200 loss=1.6051 iter_ms=717.3
[2026-04-23 04:35:32,990][__main__][INFO] - step=250 loss=1.4312 iter_ms=697.2
[2026-04-23 04:36:11,534][__main__][INFO] - step=300 loss=1.3449 iter_ms=794.0
[2026-04-23 04:36:50,525][__main__][INFO] - step=350 loss=1.1503 iter_ms=793.0
[2026-04-23 04:37:30,130][__main__][INFO] - step=400 loss=1.3186 iter_ms=747.8
[2026-04-23 04:38:08,294][__main__][INFO] - step=450 loss=1.0832 iter_ms=728.0
[2026-04-23 04:38:46,156][__main__][INFO] - training done: 500 steps in 398.7s
