[2026-04-30 02:29:22,691][__main__][INFO] - Stage A config:
transport: rc_baseline
loss_rate: 0.01
seed: 42
steps: 200
warmup_steps: 50
data:
  root: /users/chen123/data/cifar10
  download: false
  batch_size: 128
  num_workers: 2
  pin_memory: false
model:
  name: resnet18
  num_classes: 10
optim:
  name: sgd
  lr: 0.1
  momentum: 0.9
  weight_decay: 0.0005
dist:
  world_size: 2
  master_addr: 127.0.0.1
  master_port: 29500
  semirdma_port: 29708
transport_cfg:
  dev_name: mlx5_2
  buffer_bytes: 134217728
  chunk_bytes: 16384
  sq_depth: 4096
  rq_depth: 8192
  ratio: 0.95
  timeout_ms: 20
  gid_index: 1
bucket_cap_mb: 512

[2026-04-30 02:29:30,441][__main__][INFO] - step=0 loss=2.4233 iter_ms=6951.2
[2026-04-30 02:34:56,409][__main__][INFO] - step=50 loss=1.9388 iter_ms=6214.4
[2026-04-30 02:40:14,846][__main__][INFO] - step=100 loss=1.8192 iter_ms=6313.8
[2026-04-30 02:45:35,140][__main__][INFO] - step=150 loss=1.7241 iter_ms=6535.3
[2026-04-30 02:50:56,763][__main__][INFO] - training done: 200 steps in 1293.3s
