[2026-04-23 03:01:55,845][__main__][INFO] - Stage A config:
transport: semirdma
loss_rate: 0.0
seed: 42
steps: 500
warmup_steps: 10
data:
  root: ~/data/cifar10
  download: false
  batch_size: 128
  num_workers: 2
  pin_memory: false
model:
  name: resnet18
  num_classes: 10
optim:
  name: sgd
  lr: 0.1
  momentum: 0.9
  weight_decay: 0.0005
dist:
  world_size: 2
  master_addr: 10.10.1.1
  master_port: 29500
  semirdma_port: 31005
transport_cfg:
  dev_name: mlx5_2
  gid_index: 1
  buffer_bytes: 268435456
  chunk_bytes: 16384
  sq_depth: 512
  rq_depth: 16384
  ratio: 0.95
  timeout_ms: 5

[2026-04-23 03:01:56,852][semirdma._bootstrap][INFO] - bootstrap: listening on 0.0.0.0:31005
[2026-04-23 03:01:56,858][semirdma._bootstrap][INFO] - bootstrap: peer ('10.10.1.2', 34694) connected
[2026-04-23 03:01:56,861][semirdma.transport][INFO] - SemiRDMATransport up: local qpn=272 -> remote qpn=273, remote rkey=0x1ae8e
[2026-04-23 03:01:56,862][semirdma._bootstrap][INFO] - bootstrap: connected to 10.10.1.2:31006
[2026-04-23 03:01:56,863][semirdma.transport][INFO] - SemiRDMATransport up: local qpn=273 -> remote qpn=272, remote rkey=0x19173
[2026-04-23 03:01:56,863][semirdma.hooks][INFO] - SemiRDMAHookState up: rank=0, tx qpn=272, rx qpn=273
[2026-04-23 03:01:58,250][__main__][INFO] - step=0 loss=2.4233 iter_ms=921.4
[2026-04-23 03:02:35,688][__main__][INFO] - step=50 loss=2.1245 iter_ms=780.3
[2026-04-23 03:03:12,326][__main__][INFO] - step=100 loss=1.9534 iter_ms=703.0
[2026-04-23 03:03:49,977][__main__][INFO] - step=150 loss=1.9402 iter_ms=764.8
[2026-04-23 03:04:29,454][__main__][INFO] - step=200 loss=1.8471 iter_ms=731.4
[2026-04-23 03:05:07,457][__main__][INFO] - step=250 loss=1.6615 iter_ms=700.2
[2026-04-23 03:05:45,637][__main__][INFO] - step=300 loss=1.6544 iter_ms=743.0
[2026-04-23 03:06:23,128][__main__][INFO] - step=350 loss=1.5155 iter_ms=776.8
[2026-04-23 03:07:02,328][__main__][INFO] - step=400 loss=1.4034 iter_ms=722.2
[2026-04-23 03:07:40,819][__main__][INFO] - step=450 loss=1.3766 iter_ms=704.8
[2026-04-23 03:08:19,130][__main__][INFO] - training done: 500 steps in 382.3s
