[2026-04-23 03:40:59,128][__main__][INFO] - Stage A config:
transport: semirdma
loss_rate: 0.03
seed: 42
steps: 500
warmup_steps: 10
data:
  root: ~/data/cifar10
  download: false
  batch_size: 128
  num_workers: 2
  pin_memory: false
model:
  name: resnet18
  num_classes: 10
optim:
  name: sgd
  lr: 0.1
  momentum: 0.9
  weight_decay: 0.0005
dist:
  world_size: 2
  master_addr: 10.10.1.1
  master_port: 29500
  semirdma_port: 31065
transport_cfg:
  dev_name: mlx5_2
  gid_index: 1
  buffer_bytes: 268435456
  chunk_bytes: 16384
  sq_depth: 512
  rq_depth: 16384
  ratio: 0.95
  timeout_ms: 5

[2026-04-23 03:41:00,157][semirdma._bootstrap][INFO] - bootstrap: listening on 0.0.0.0:31065
[2026-04-23 03:41:00,339][semirdma._bootstrap][INFO] - bootstrap: peer ('10.10.1.2', 38872) connected
[2026-04-23 03:41:00,341][semirdma.transport][INFO] - SemiRDMATransport up: local qpn=284 -> remote qpn=285, remote rkey=0xfed5
[2026-04-23 03:41:00,343][semirdma._bootstrap][INFO] - bootstrap: connected to 10.10.1.2:31066
[2026-04-23 03:41:00,343][semirdma.transport][INFO] - SemiRDMATransport up: local qpn=285 -> remote qpn=284, remote rkey=0xd9a8
[2026-04-23 03:41:00,343][semirdma.hooks][INFO] - SemiRDMAHookState up: rank=0, tx qpn=284, rx qpn=285
[2026-04-23 03:41:01,731][__main__][INFO] - step=0 loss=2.4233 iter_ms=913.6
[2026-04-23 03:41:40,651][__main__][INFO] - step=50 loss=2.4611 iter_ms=801.0
[2026-04-23 03:42:18,519][__main__][INFO] - step=100 loss=1.9310 iter_ms=619.0
[2026-04-23 03:42:55,193][__main__][INFO] - step=150 loss=2.0101 iter_ms=785.5
[2026-04-23 03:43:32,029][__main__][INFO] - step=200 loss=1.9040 iter_ms=690.4
[2026-04-23 03:44:10,461][__main__][INFO] - step=250 loss=1.6062 iter_ms=736.6
[2026-04-23 03:44:47,112][__main__][INFO] - step=300 loss=1.6932 iter_ms=749.6
[2026-04-23 03:45:23,150][__main__][INFO] - step=350 loss=1.5489 iter_ms=738.0
[2026-04-23 03:46:00,834][__main__][INFO] - step=400 loss=1.4281 iter_ms=721.1
[2026-04-23 03:46:37,974][__main__][INFO] - step=450 loss=1.3745 iter_ms=713.7
[2026-04-23 03:47:15,095][__main__][INFO] - training done: 500 steps in 374.8s
