[2026-04-30 02:07:24,466][__main__][INFO] - Stage A config:
transport: rc_baseline
loss_rate: 0.0
seed: 43
steps: 200
warmup_steps: 50
data:
  root: /users/chen123/data/cifar10
  download: false
  batch_size: 128
  num_workers: 2
  pin_memory: false
model:
  name: resnet18
  num_classes: 10
optim:
  name: sgd
  lr: 0.1
  momentum: 0.9
  weight_decay: 0.0005
dist:
  world_size: 2
  master_addr: 127.0.0.1
  master_port: 29500
  semirdma_port: 29704
transport_cfg:
  dev_name: mlx5_2
  buffer_bytes: 134217728
  chunk_bytes: 16384
  sq_depth: 4096
  rq_depth: 8192
  ratio: 0.95
  timeout_ms: 20
  gid_index: 1
bucket_cap_mb: 512

[2026-04-30 02:07:32,223][__main__][INFO] - step=0 loss=2.3640 iter_ms=6981.5
[2026-04-30 02:13:01,118][__main__][INFO] - step=50 loss=1.8713 iter_ms=6376.1
[2026-04-30 02:18:29,870][__main__][INFO] - step=100 loss=1.6853 iter_ms=6536.9
[2026-04-30 02:23:54,658][__main__][INFO] - step=150 loss=1.5063 iter_ms=6381.1
[2026-04-30 02:29:08,071][__main__][INFO] - training done: 200 steps in 1302.9s
