[09:06:02] >>> c22_phase4_prc_loss0.01_seed42 on amd247
  [09:06:32] c22_phase4_prc_loss0.01_seed42 still RUNNING (30s)
  [09:11:32] c22_phase4_prc_loss0.01_seed42 still RUNNING (331s)
  [09:16:33] c22_phase4_prc_loss0.01_seed42 still RUNNING (631s)
  [09:21:34] c22_phase4_prc_loss0.01_seed42 still RUNNING (932s)
  [09:26:34] c22_phase4_prc_loss0.01_seed42 still RUNNING (1232s)
  [09:31:35] c22_phase4_prc_loss0.01_seed42 still RUNNING (1533s)
  [09:36:35] c22_phase4_prc_loss0.01_seed42 still RUNNING (1833s)
  [09:41:36] c22_phase4_prc_loss0.01_seed42 still RUNNING (2134s)
  [09:46:36] c22_phase4_prc_loss0.01_seed42 still RUNNING (2434s)
  c22_phase4_prc_loss0.01_seed42 attempt=0 not done; cleaning up
  retry in 60s...
  [09:52:37] c22_phase4_prc_loss0.01_seed42 still RUNNING (30s)
  [09:57:37] c22_phase4_prc_loss0.01_seed42 still RUNNING (331s)
  [10:02:38] c22_phase4_prc_loss0.01_seed42 still RUNNING (631s)
  [10:07:39] c22_phase4_prc_loss0.01_seed42 still RUNNING (932s)
  [10:12:39] c22_phase4_prc_loss0.01_seed42 still RUNNING (1232s)
  [10:17:40] c22_phase4_prc_loss0.01_seed42 still RUNNING (1533s)
  [10:22:40] c22_phase4_prc_loss0.01_seed42 still RUNNING (1833s)
  [10:27:41] c22_phase4_prc_loss0.01_seed42 still RUNNING (2134s)
  [10:32:41] c22_phase4_prc_loss0.01_seed42 still RUNNING (2434s)
  c22_phase4_prc_loss0.01_seed42 attempt=1 not done; cleaning up
[10:37:12] >>> c24_phase4_prc_loss0.05_seed41 on amd247
  [10:37:42] c24_phase4_prc_loss0.05_seed41 still RUNNING (30s)
  [10:42:42] c24_phase4_prc_loss0.05_seed41 still RUNNING (331s)
  [10:47:43] c24_phase4_prc_loss0.05_seed41 still RUNNING (631s)
  [10:52:43] c24_phase4_prc_loss0.05_seed41 still RUNNING (932s)
  [10:57:44] c24_phase4_prc_loss0.05_seed41 still RUNNING (1232s)
  [11:02:45] c24_phase4_prc_loss0.05_seed41 still RUNNING (1533s)
  [11:07:45] c24_phase4_prc_loss0.05_seed41 still RUNNING (1833s)
  [11:12:46] c24_phase4_prc_loss0.05_seed41 still RUNNING (2134s)
  [11:17:46] c24_phase4_prc_loss0.05_seed41 still RUNNING (2434s)
  c24_phase4_prc_loss0.05_seed41 attempt=0 not done; cleaning up
  retry in 60s...
  [11:23:47] c24_phase4_prc_loss0.05_seed41 still RUNNING (30s)
  [11:28:47] c24_phase4_prc_loss0.05_seed41 still RUNNING (331s)
  [11:33:48] c24_phase4_prc_loss0.05_seed41 still RUNNING (631s)
  [11:38:49] c24_phase4_prc_loss0.05_seed41 still RUNNING (932s)
  [11:43:49] c24_phase4_prc_loss0.05_seed41 still RUNNING (1232s)
  [11:48:50] c24_phase4_prc_loss0.05_seed41 still RUNNING (1533s)
  [11:53:50] c24_phase4_prc_loss0.05_seed41 still RUNNING (1833s)
  [11:58:51] c24_phase4_prc_loss0.05_seed41 still RUNNING (2134s)
  [12:03:51] c24_phase4_prc_loss0.05_seed41 still RUNNING (2434s)
  c24_phase4_prc_loss0.05_seed41 attempt=1 not done; cleaning up
[12:08:22] >>> c26_phase4_prc_loss0.05_seed43 on amd247
  [12:08:52] c26_phase4_prc_loss0.05_seed43 still RUNNING (30s)
  [12:13:52] c26_phase4_prc_loss0.05_seed43 still RUNNING (331s)
  [12:18:53] c26_phase4_prc_loss0.05_seed43 still RUNNING (631s)
  [12:23:53] c26_phase4_prc_loss0.05_seed43 still RUNNING (932s)
  [12:28:54] c26_phase4_prc_loss0.05_seed43 still RUNNING (1232s)
  [12:33:55] c26_phase4_prc_loss0.05_seed43 still RUNNING (1533s)
  [12:38:55] c26_phase4_prc_loss0.05_seed43 still RUNNING (1833s)
  [12:43:56] c26_phase4_prc_loss0.05_seed43 still RUNNING (2134s)
  [12:48:56] c26_phase4_prc_loss0.05_seed43 still RUNNING (2434s)
  c26_phase4_prc_loss0.05_seed43 attempt=0 not done; cleaning up
  retry in 60s...
  [12:54:57] c26_phase4_prc_loss0.05_seed43 still RUNNING (30s)
  [12:59:57] c26_phase4_prc_loss0.05_seed43 still RUNNING (331s)
  [13:04:58] c26_phase4_prc_loss0.05_seed43 still RUNNING (631s)
  [13:09:59] c26_phase4_prc_loss0.05_seed43 still RUNNING (932s)
  [13:14:59] c26_phase4_prc_loss0.05_seed43 still RUNNING (1232s)
  [13:20:00] c26_phase4_prc_loss0.05_seed43 still RUNNING (1533s)
  [13:25:00] c26_phase4_prc_loss0.05_seed43 still RUNNING (1833s)
  [13:30:01] c26_phase4_prc_loss0.05_seed43 still RUNNING (2134s)
  [13:35:01] c26_phase4_prc_loss0.05_seed43 still RUNNING (2434s)
  c26_phase4_prc_loss0.05_seed43 attempt=1 not done; cleaning up
[13:39:32] >>> c28_clear_t1_loss0_seed42 on amd247
  [13:40:02] c28_clear_t1_loss0_seed42 still RUNNING (30s)
  [13:45:02] c28_clear_t1_loss0_seed42 still RUNNING (331s)
  [13:50:03] c28_clear_t1_loss0_seed42 still RUNNING (631s)
  [13:55:03] c28_clear_t1_loss0_seed42 still RUNNING (932s)
  [14:00:04] c28_clear_t1_loss0_seed42 still RUNNING (1232s)
  [14:05:05] c28_clear_t1_loss0_seed42 still RUNNING (1533s)
  [14:10:05] c28_clear_t1_loss0_seed42 still RUNNING (1833s)
  [14:15:06] c28_clear_t1_loss0_seed42 still RUNNING (2134s)
  [14:20:06] c28_clear_t1_loss0_seed42 still RUNNING (2434s)
  c28_clear_t1_loss0_seed42 attempt=0 not done; cleaning up
  retry in 60s...
  [14:26:07] c28_clear_t1_loss0_seed42 still RUNNING (30s)
  [14:31:07] c28_clear_t1_loss0_seed42 still RUNNING (331s)
  [14:36:08] c28_clear_t1_loss0_seed42 still RUNNING (631s)
  [14:41:08] c28_clear_t1_loss0_seed42 still RUNNING (932s)
  [14:46:09] c28_clear_t1_loss0_seed42 still RUNNING (1232s)
  [14:51:10] c28_clear_t1_loss0_seed42 still RUNNING (1533s)
  [14:56:10] c28_clear_t1_loss0_seed42 still RUNNING (1833s)
  [15:01:11] c28_clear_t1_loss0_seed42 still RUNNING (2134s)
  [15:06:11] c28_clear_t1_loss0_seed42 still RUNNING (2434s)
  c28_clear_t1_loss0_seed42 attempt=1 not done; cleaning up
[15:10:42] >>> c30_clear_t1_loss0.01_seed41 on amd247
  [15:11:12] c30_clear_t1_loss0.01_seed41 still RUNNING (30s)
  [15:16:12] c30_clear_t1_loss0.01_seed41 still RUNNING (331s)
  [15:21:13] c30_clear_t1_loss0.01_seed41 still RUNNING (631s)
  [15:26:13] c30_clear_t1_loss0.01_seed41 still RUNNING (932s)
  [15:31:14] c30_clear_t1_loss0.01_seed41 still RUNNING (1232s)
  [15:36:15] c30_clear_t1_loss0.01_seed41 still RUNNING (1533s)
  [15:41:15] c30_clear_t1_loss0.01_seed41 still RUNNING (1833s)
  [15:46:16] c30_clear_t1_loss0.01_seed41 still RUNNING (2134s)
  [15:51:16] c30_clear_t1_loss0.01_seed41 still RUNNING (2434s)
  c30_clear_t1_loss0.01_seed41 attempt=0 not done; cleaning up
  retry in 60s...
  [15:57:17] c30_clear_t1_loss0.01_seed41 still RUNNING (30s)
  [16:02:17] c30_clear_t1_loss0.01_seed41 still RUNNING (331s)
  [16:07:18] c30_clear_t1_loss0.01_seed41 still RUNNING (631s)
  [16:12:18] c30_clear_t1_loss0.01_seed41 still RUNNING (932s)
  [16:17:19] c30_clear_t1_loss0.01_seed41 still RUNNING (1232s)
  [16:22:19] c30_clear_t1_loss0.01_seed41 still RUNNING (1533s)
  [16:27:20] c30_clear_t1_loss0.01_seed41 still RUNNING (1833s)
  [16:32:21] c30_clear_t1_loss0.01_seed41 still RUNNING (2134s)
  [16:37:21] c30_clear_t1_loss0.01_seed41 still RUNNING (2434s)
  c30_clear_t1_loss0.01_seed41 attempt=1 not done; cleaning up
[16:41:52] >>> c32_clear_t1_loss0.01_seed43 on amd247
  [16:42:22] c32_clear_t1_loss0.01_seed43 still RUNNING (30s)
  [16:47:22] c32_clear_t1_loss0.01_seed43 still RUNNING (331s)
  [16:52:23] c32_clear_t1_loss0.01_seed43 still RUNNING (631s)
  [16:57:23] c32_clear_t1_loss0.01_seed43 still RUNNING (932s)
  [17:02:24] c32_clear_t1_loss0.01_seed43 still RUNNING (1232s)
  [17:07:24] c32_clear_t1_loss0.01_seed43 still RUNNING (1533s)
  [17:12:25] c32_clear_t1_loss0.01_seed43 still RUNNING (1833s)
  [17:17:26] c32_clear_t1_loss0.01_seed43 still RUNNING (2134s)
  [17:22:26] c32_clear_t1_loss0.01_seed43 still RUNNING (2434s)
  c32_clear_t1_loss0.01_seed43 attempt=0 not done; cleaning up
  retry in 60s...
  [17:28:27] c32_clear_t1_loss0.01_seed43 still RUNNING (30s)
  [17:33:27] c32_clear_t1_loss0.01_seed43 still RUNNING (331s)
  [17:38:28] c32_clear_t1_loss0.01_seed43 still RUNNING (631s)
  [17:43:28] c32_clear_t1_loss0.01_seed43 still RUNNING (932s)
  [17:48:29] c32_clear_t1_loss0.01_seed43 still RUNNING (1232s)
  [17:53:29] c32_clear_t1_loss0.01_seed43 still RUNNING (1533s)
  [17:58:30] c32_clear_t1_loss0.01_seed43 still RUNNING (1833s)
  [18:03:31] c32_clear_t1_loss0.01_seed43 still RUNNING (2134s)
  [18:08:31] c32_clear_t1_loss0.01_seed43 still RUNNING (2434s)
  c32_clear_t1_loss0.01_seed43 attempt=1 not done; cleaning up
[18:13:02] >>> c34_clear_t1_loss0.05_seed42 on amd247
  [18:13:32] c34_clear_t1_loss0.05_seed42 still RUNNING (30s)
  [18:18:32] c34_clear_t1_loss0.05_seed42 still RUNNING (331s)
  [18:23:33] c34_clear_t1_loss0.05_seed42 still RUNNING (631s)
  [18:28:33] c34_clear_t1_loss0.05_seed42 still RUNNING (932s)
  [18:33:34] c34_clear_t1_loss0.05_seed42 still RUNNING (1232s)
  [18:38:34] c34_clear_t1_loss0.05_seed42 still RUNNING (1533s)
  [18:43:35] c34_clear_t1_loss0.05_seed42 still RUNNING (1833s)
  [18:48:35] c34_clear_t1_loss0.05_seed42 still RUNNING (2134s)
  [18:53:36] c34_clear_t1_loss0.05_seed42 still RUNNING (2434s)
  c34_clear_t1_loss0.05_seed42 attempt=0 not done; cleaning up
  retry in 60s...
  [18:59:37] c34_clear_t1_loss0.05_seed42 still RUNNING (30s)
  [19:04:37] c34_clear_t1_loss0.05_seed42 still RUNNING (331s)
  [19:09:38] c34_clear_t1_loss0.05_seed42 still RUNNING (631s)
  [19:14:38] c34_clear_t1_loss0.05_seed42 still RUNNING (932s)
  [19:19:39] c34_clear_t1_loss0.05_seed42 still RUNNING (1232s)
  [19:24:39] c34_clear_t1_loss0.05_seed42 still RUNNING (1533s)
  [19:29:40] c34_clear_t1_loss0.05_seed42 still RUNNING (1833s)
  [19:34:40] c34_clear_t1_loss0.05_seed42 still RUNNING (2134s)
  [19:39:41] c34_clear_t1_loss0.05_seed42 still RUNNING (2434s)
  c34_clear_t1_loss0.05_seed42 attempt=1 not done; cleaning up
FAILED CELLS on amd247: [22, 24, 26, 28, 30, 32, 34]
