W0430 02:29:20.550000 9522 torch/distributed/run.py:851] 
W0430 02:29:20.550000 9522 torch/distributed/run.py:851] *****************************************
W0430 02:29:20.550000 9522 torch/distributed/run.py:851] Setting OMP_NUM_THREADS environment variable for each process to be 1 in default, to avoid your system being overloaded, please further tune the variable for optimal performance in your application as needed. 
W0430 02:29:20.550000 9522 torch/distributed/run.py:851] *****************************************
[2026-04-30 02:29:22,691][__main__][INFO] - Stage A config:
transport: rc_baseline
loss_rate: 0.01
seed: 42
steps: 200
warmup_steps: 50
data:
  root: /users/chen123/data/cifar10
  download: false
  batch_size: 128
  num_workers: 2
  pin_memory: false
model:
  name: resnet18
  num_classes: 10
optim:
  name: sgd
  lr: 0.1
  momentum: 0.9
  weight_decay: 0.0005
dist:
  world_size: 2
  master_addr: 127.0.0.1
  master_port: 29500
  semirdma_port: 29708
transport_cfg:
  dev_name: mlx5_2
  buffer_bytes: 134217728
  chunk_bytes: 16384
  sq_depth: 4096
  rq_depth: 8192
  ratio: 0.95
  timeout_ms: 20
  gid_index: 1
bucket_cap_mb: 512

[2026-04-30 02:29:30,441][__main__][INFO] - step=0 loss=2.4233 iter_ms=6951.2
[2026-04-30 02:34:56,409][__main__][INFO] - step=50 loss=1.9388 iter_ms=6214.4
[2026-04-30 02:40:14,846][__main__][INFO] - step=100 loss=1.8192 iter_ms=6313.8
[2026-04-30 02:45:35,140][__main__][INFO] - step=150 loss=1.7241 iter_ms=6535.3
[2026-04-30 02:50:56,763][__main__][INFO] - training done: 200 steps in 1293.3s
34, in wrapper
    result = f(*args, **kwargs)
  File "/users/chen123/SemiRDMA/.venv/lib/python3.10/site-packages/torch/distributed/elastic/agent/server/api.py", line 731, in run
    result = self._invoke_run(role)
  File "/users/chen123/SemiRDMA/.venv/lib/python3.10/site-packages/torch/distributed/elastic/agent/server/api.py", line 902, in _invoke_run
    self._initialize_workers(self._worker_group)
  File "/users/chen123/SemiRDMA/.venv/lib/python3.10/site-packages/torch/distributed/elastic/metrics/api.py", line 134, in wrapper
    result = f(*args, **kwargs)
  File "/users/chen123/SemiRDMA/.venv/lib/python3.10/site-packages/torch/distributed/elastic/agent/server/api.py", line 699, in _initialize_workers
    self._rendezvous(worker_group)
  File "/users/chen123/SemiRDMA/.venv/lib/python3.10/site-packages/torch/distributed/elastic/metrics/api.py", line 134, in wrapper
    result = f(*args, **kwargs)
  File "/users/chen123/SemiRDMA/.venv/lib/python3.10/site-packages/torch/distributed/elastic/agent/server/api.py", line 514, in _rendezvous
    rdzv_info = spec.rdzv_handler.next_rendezvous()
  File "/users/chen123/SemiRDMA/.venv/lib/python3.10/site-packages/torch/distributed/elastic/rendezvous/static_tcp_rendezvous.py", line 67, in next_rendezvous
    self._store = TCPStore(  # type: ignore[call-arg]
torch.distributed.DistNetworkError: The server socket has failed to listen on any local network address. port: 29502, useIpv6: false, code: -98, name: EADDRINUSE, message: address already in use
