W0502 12:04:16.419000 83011 torch/distributed/run.py:851] 
W0502 12:04:16.419000 83011 torch/distributed/run.py:851] *****************************************
W0502 12:04:16.419000 83011 torch/distributed/run.py:851] Setting OMP_NUM_THREADS environment variable for each process to be 1 in default, to avoid your system being overloaded, please further tune the variable for optimal performance in your application as needed. 
W0502 12:04:16.419000 83011 torch/distributed/run.py:851] *****************************************
[2026-05-02 12:04:18,595][__main__][INFO] - Stage A config:
transport: clear_t1
loss_rate: 0.01
seed: 41
steps: 200
warmup_steps: 50
data:
  root: /users/chen123/data/cifar10
  download: false
  batch_size: 128
  num_workers: 2
  pin_memory: false
model:
  name: resnet18
  num_classes: 10
optim:
  name: sgd
  lr: 0.1
  momentum: 0.9
  weight_decay: 0.0005
dist:
  world_size: 2
  master_addr: 127.0.0.1
  master_port: 29500
  semirdma_port: 29760
transport_cfg:
  dev_name: mlx5_2
  buffer_bytes: 67108864
  chunk_bytes: 16384
  sq_depth: 4096
  rq_depth: 8192
  ratio: 0.95
  timeout_ms: 20
  gid_index: 1
  cp_recv_slots: 64
  cp_send_slots: 16
  repair_budget_bytes_per_step: 0
bucket_cap_mb: 512

[INFO]  Opened device: mlx5_2
[INFO]  Opened device: mlx5_2
[INFO]  Port active_mtu=5 (IBV_MTU_4096 enum)
[INFO]  Port active_mtu=5 (IBV_MTU_4096 enum)
[INFO]  Using GID index 1 (pinned via config)
[INFO]  Using GID index 1 (pinned via config)
[INFO]  Created UC QP, qpn=376
[INFO]  Created UC QP, qpn=375
[INFO]  Opened device: mlx5_2
[INFO]  Opened device: mlx5_2
[INFO]  Port active_mtu=5 (IBV_MTU_4096 enum)
[INFO]  Port active_mtu=5 (IBV_MTU_4096 enum)
[INFO]  Using GID index 1 (pinned via config)
[INFO]  Using GID index 1 (pinned via config)
[INFO]  Created RC QP, qpn=377
[INFO]  Created RC QP, qpn=378
[INFO]  Opened device: mlx5_2
[INFO]  Opened device: mlx5_2
[INFO]  Port active_mtu=5 (IBV_MTU_4096 enum)
[INFO]  Using GID index 1 (pinned via config)
[INFO]  Port active_mtu=5 (IBV_MTU_4096 enum)
[INFO]  Using GID index 1 (pinned via config)
[INFO]  Created UC QP, qpn=380
[INFO]  Created UC QP, qpn=379
[INFO]  Opened device: mlx5_2
[INFO]  Opened device: mlx5_2
[INFO]  Port active_mtu=5 (IBV_MTU_4096 enum)
[INFO]  Port active_mtu=5 (IBV_MTU_4096 enum)
[INFO]  Using GID index 1 (pinned via config)
[INFO]  Using GID index 1 (pinned via config)
[INFO]  Created RC QP, qpn=382
[INFO]  Created RC QP, qpn=381
[2026-05-02 12:04:19,410][semirdma._bootstrap][INFO] - bootstrap: listening on 127.0.0.1:29760
[2026-05-02 12:04:19,412][semirdma._bootstrap][INFO] - bootstrap: connected to 127.0.0.1:29760
[2026-05-02 12:04:19,412][semirdma._bootstrap][INFO] - bootstrap: peer ('127.0.0.1', 54754) connected
[2026-05-02 12:04:19,412][semirdma._bootstrap][INFO] - bootstrap: listening on 127.0.0.1:29761
[2026-05-02 12:04:19,612][semirdma._bootstrap][INFO] - bootstrap: connected to 127.0.0.1:29761
[2026-05-02 12:04:19,612][semirdma._bootstrap][INFO] - bootstrap: peer ('127.0.0.1', 52956) connected
[2026-05-02 12:04:19,613][semirdma._bootstrap][INFO] - bootstrap: listening on 127.0.0.1:29762
[2026-05-02 12:04:19,813][semirdma._bootstrap][INFO] - bootstrap: connected to 127.0.0.1:29762
[2026-05-02 12:04:19,813][semirdma._bootstrap][INFO] - bootstrap: peer ('127.0.0.1', 46862) connected
[2026-05-02 12:04:19,813][semirdma._bootstrap][INFO] - bootstrap: listening on 127.0.0.1:29763
[2026-05-02 12:04:19,813][semirdma._bootstrap][INFO] - bootstrap: connected to 127.0.0.1:29763
[2026-05-02 12:04:19,814][semirdma._bootstrap][INFO] - bootstrap: peer ('127.0.0.1', 55144) connected
[INFO]  QP -> INIT
[INFO]  QP -> INIT
[INFO]  QP -> RTR (dest_qpn=379)
[INFO]  QP -> RTR (dest_qpn=380)
[INFO]  QP -> RTS (sq_psn=0)
[INFO]  QP -> RTS (sq_psn=0)
[INFO]  QP -> INIT
[INFO]  QP -> INIT
[INFO]  QP -> RTR (dest_qpn=381)
[INFO]  RC params: timeout=14 (~67.1 ms) retry_cnt=7 rnr_retry=7 min_rnr_timer=12 max_rd_atomic=1
[INFO]  QP -> RTR (dest_qpn=382)
[INFO]  RC params: timeout=14 (~67.1 ms) retry_cnt=7 rnr_retry=7 min_rnr_timer=12 max_rd_atomic=1
[INFO]  QP -> RTS (sq_psn=0)
[INFO]  QP -> RTS (sq_psn=0)
[INFO]  QP -> INIT
[INFO]  QP -> INIT
[INFO]  QP -> RTR (dest_qpn=375)
[INFO]  QP -> RTR (dest_qpn=376)
[INFO]  QP -> RTS (sq_psn=0)
[INFO]  QP -> RTS (sq_psn=0)
[INFO]  QP -> INIT
[INFO]  QP -> INIT
[INFO]  QP -> RTR (dest_qpn=378)
[INFO]  RC params: timeout=14 (~67.1 ms) retry_cnt=7 rnr_retry=7 min_rnr_timer=12 max_rd_atomic=1
[INFO]  QP -> RTS (sq_psn=0)
[INFO]  QP -> RTR (dest_qpn=377)
[INFO]  RC params: timeout=14 (~67.1 ms) retry_cnt=7 rnr_retry=7 min_rnr_timer=12 max_rd_atomic=1
[INFO]  QP -> RTS (sq_psn=0)
[2026-05-02 12:04:27,122][__main__][INFO] - step=0 loss=2.3656 iter_ms=7150.9
[2026-05-02 12:10:02,677][__main__][INFO] - step=50 loss=2.0444 iter_ms=6814.9
[2026-05-02 12:15:38,051][__main__][INFO] - step=100 loss=1.6864 iter_ms=6703.1
[2026-05-02 12:21:11,041][__main__][INFO] - step=150 loss=1.6424 iter_ms=6799.0
[2026-05-02 12:26:41,138][__main__][INFO] - training done: 200 steps in 1341.3s
[2026-05-02 12:26:41,140][__main__][INFO] - wrote clear_perf.csv with 200 rows
terminate called without an active exception
terminate called without an active exception
W0502 12:26:41.356000 83011 torch/distributed/elastic/multiprocessing/api.py:1012] Sending process 83060 closing signal SIGTERM
E0502 12:26:41.364000 83011 torch/distributed/elastic/multiprocessing/api.py:986] failed (exitcode: -6) local_rank: 1 (pid: 83061) of binary: /users/chen123/SemiRDMA/.venv/bin/python3
Traceback (most recent call last):
  File "/users/chen123/SemiRDMA/.venv/bin/torchrun", line 6, in <module>
    sys.exit(main())
  File "/users/chen123/SemiRDMA/.venv/lib/python3.10/site-packages/torch/distributed/elastic/multiprocessing/errors/__init__.py", line 362, in wrapper
    return f(*args, **kwargs)
  File "/users/chen123/SemiRDMA/.venv/lib/python3.10/site-packages/torch/distributed/run.py", line 990, in main
    run(args)
  File "/users/chen123/SemiRDMA/.venv/lib/python3.10/site-packages/torch/distributed/run.py", line 981, in run
    elastic_launch(
  File "/users/chen123/SemiRDMA/.venv/lib/python3.10/site-packages/torch/distributed/launcher/api.py", line 170, in __call__
    return launch_agent(self._config, self._entrypoint, list(args))
  File "/users/chen123/SemiRDMA/.venv/lib/python3.10/site-packages/torch/distributed/launcher/api.py", line 317, in launch_agent
    raise ChildFailedError(
torch.distributed.elastic.multiprocessing.errors.ChildFailedError: 
============================================================
/users/chen123/SemiRDMA/experiments/stage_a/train_cifar10.py FAILED
------------------------------------------------------------
Failures:
[1]:
  time      : 2026-05-02_12:26:41
  host      : amd247.utah.cloudlab.us
  rank      : 0 (local_rank: 0)
  exitcode  : -6 (pid: 83060)
  error_file: <N/A>
  traceback : Signal 6 (SIGABRT) received by PID 83060
------------------------------------------------------------
Root Cause (first observed failure):
[0]:
  time      : 2026-05-02_12:26:41
  host      : amd247.utah.cloudlab.us
  rank      : 1 (local_rank: 1)
  exitcode  : -6 (pid: 83061)
  error_file: <N/A>
  traceback : Signal 6 (SIGABRT) received by PID 83061
============================================================
