W0502 12:51:18.823000 84903 torch/distributed/run.py:851] 
W0502 12:51:18.823000 84903 torch/distributed/run.py:851] *****************************************
W0502 12:51:18.823000 84903 torch/distributed/run.py:851] Setting OMP_NUM_THREADS environment variable for each process to be 1 in default, to avoid your system being overloaded, please further tune the variable for optimal performance in your application as needed. 
W0502 12:51:18.823000 84903 torch/distributed/run.py:851] *****************************************
[2026-05-02 12:51:20,994][__main__][INFO] - Stage A config:
transport: clear_t1
loss_rate: 0.05
seed: 42
steps: 200
warmup_steps: 50
data:
  root: /users/chen123/data/cifar10
  download: false
  batch_size: 128
  num_workers: 2
  pin_memory: false
model:
  name: resnet18
  num_classes: 10
optim:
  name: sgd
  lr: 0.1
  momentum: 0.9
  weight_decay: 0.0005
dist:
  world_size: 2
  master_addr: 127.0.0.1
  master_port: 29500
  semirdma_port: 29768
transport_cfg:
  dev_name: mlx5_2
  buffer_bytes: 67108864
  chunk_bytes: 16384
  sq_depth: 4096
  rq_depth: 8192
  ratio: 0.95
  timeout_ms: 20
  gid_index: 1
  cp_recv_slots: 64
  cp_send_slots: 16
  repair_budget_bytes_per_step: 0
bucket_cap_mb: 512

[INFO]  Opened device: mlx5_2
[INFO]  Opened device: mlx5_2
[INFO]  Port active_mtu=5 (IBV_MTU_4096 enum)
[INFO]  Using GID index 1 (pinned via config)
[INFO]  Port active_mtu=5 (IBV_MTU_4096 enum)
[INFO]  Using GID index 1 (pinned via config)
[INFO]  Created UC QP, qpn=392
[INFO]  Created UC QP, qpn=391
[INFO]  Opened device: mlx5_2
[INFO]  Opened device: mlx5_2
[INFO]  Port active_mtu=5 (IBV_MTU_4096 enum)
[INFO]  Port active_mtu=5 (IBV_MTU_4096 enum)
[INFO]  Using GID index 1 (pinned via config)
[INFO]  Using GID index 1 (pinned via config)
[INFO]  Created RC QP, qpn=394
[INFO]  Created RC QP, qpn=393
[INFO]  Opened device: mlx5_2
[INFO]  Opened device: mlx5_2
[INFO]  Port active_mtu=5 (IBV_MTU_4096 enum)
[INFO]  Using GID index 1 (pinned via config)
[INFO]  Port active_mtu=5 (IBV_MTU_4096 enum)
[INFO]  Using GID index 1 (pinned via config)
[INFO]  Created UC QP, qpn=396
[INFO]  Created UC QP, qpn=395
[INFO]  Opened device: mlx5_2
[INFO]  Opened device: mlx5_2
[INFO]  Port active_mtu=5 (IBV_MTU_4096 enum)
[INFO]  Port active_mtu=5 (IBV_MTU_4096 enum)
[INFO]  Using GID index 1 (pinned via config)
[INFO]  Using GID index 1 (pinned via config)
[INFO]  Created RC QP, qpn=397
[INFO]  Created RC QP, qpn=398
[2026-05-02 12:51:21,813][semirdma._bootstrap][INFO] - bootstrap: listening on 127.0.0.1:29768
[2026-05-02 12:51:21,814][semirdma._bootstrap][INFO] - bootstrap: connected to 127.0.0.1:29768
[2026-05-02 12:51:21,814][semirdma._bootstrap][INFO] - bootstrap: peer ('127.0.0.1', 43994) connected
[2026-05-02 12:51:21,815][semirdma._bootstrap][INFO] - bootstrap: listening on 127.0.0.1:29769
[2026-05-02 12:51:22,015][semirdma._bootstrap][INFO] - bootstrap: connected to 127.0.0.1:29769
[2026-05-02 12:51:22,015][semirdma._bootstrap][INFO] - bootstrap: peer ('127.0.0.1', 33798) connected
[2026-05-02 12:51:22,015][semirdma._bootstrap][INFO] - bootstrap: listening on 127.0.0.1:29770
[2026-05-02 12:51:22,216][semirdma._bootstrap][INFO] - bootstrap: connected to 127.0.0.1:29770
[2026-05-02 12:51:22,216][semirdma._bootstrap][INFO] - bootstrap: peer ('127.0.0.1', 44586) connected
[2026-05-02 12:51:22,216][semirdma._bootstrap][INFO] - bootstrap: listening on 127.0.0.1:29771
[2026-05-02 12:51:22,216][semirdma._bootstrap][INFO] - bootstrap: connected to 127.0.0.1:29771
[2026-05-02 12:51:22,216][semirdma._bootstrap][INFO] - bootstrap: peer ('127.0.0.1', 48492) connected
[INFO]  QP -> INIT
[INFO]  QP -> INIT
[INFO]  QP -> RTR (dest_qpn=395)
[INFO]  QP -> RTR (dest_qpn=396)
[INFO]  QP -> RTS (sq_psn=0)
[INFO]  QP -> RTS (sq_psn=0)
[INFO]  QP -> INIT
[INFO]  QP -> INIT
[INFO]  QP -> RTR (dest_qpn=398)
[INFO]  RC params: timeout=14 (~67.1 ms) retry_cnt=7 rnr_retry=7 min_rnr_timer=12 max_rd_atomic=1
[INFO]  QP -> RTR (dest_qpn=397)
[INFO]  RC params: timeout=14 (~67.1 ms) retry_cnt=7 rnr_retry=7 min_rnr_timer=12 max_rd_atomic=1
[INFO]  QP -> RTS (sq_psn=0)
[INFO]  QP -> RTS (sq_psn=0)
[INFO]  QP -> INIT
[INFO]  QP -> INIT
[INFO]  QP -> RTR (dest_qpn=391)
[INFO]  QP -> RTR (dest_qpn=392)
[INFO]  QP -> RTS (sq_psn=0)
[INFO]  QP -> RTS (sq_psn=0)
[INFO]  QP -> INIT
[INFO]  QP -> INIT
[INFO]  QP -> RTR (dest_qpn=393)
[INFO]  RC params: timeout=14 (~67.1 ms) retry_cnt=7 rnr_retry=7 min_rnr_timer=12 max_rd_atomic=1
[INFO]  QP -> RTR (dest_qpn=394)
[INFO]  RC params: timeout=14 (~67.1 ms) retry_cnt=7 rnr_retry=7 min_rnr_timer=12 max_rd_atomic=1
[INFO]  QP -> RTS (sq_psn=0)
[INFO]  QP -> RTS (sq_psn=0)
[2026-05-02 12:51:29,538][__main__][INFO] - step=0 loss=2.4233 iter_ms=7159.2
[2026-05-02 12:57:06,791][__main__][INFO] - step=50 loss=1.9442 iter_ms=6883.2
[2026-05-02 13:02:44,356][__main__][INFO] - step=100 loss=1.7494 iter_ms=6755.3
[2026-05-02 13:08:21,410][__main__][INFO] - step=150 loss=1.6529 iter_ms=6746.9
[2026-05-02 13:13:50,200][__main__][INFO] - training done: 200 steps in 1348.0s
[2026-05-02 13:13:50,202][__main__][INFO] - wrote clear_perf.csv with 200 rows
terminate called without an active exception
terminate called without an active exception
E0502 13:13:50.474000 84903 torch/distributed/elastic/multiprocessing/api.py:986] failed (exitcode: -6) local_rank: 0 (pid: 84952) of binary: /users/chen123/SemiRDMA/.venv/bin/python3
Traceback (most recent call last):
  File "/users/chen123/SemiRDMA/.venv/bin/torchrun", line 6, in <module>
    sys.exit(main())
  File "/users/chen123/SemiRDMA/.venv/lib/python3.10/site-packages/torch/distributed/elastic/multiprocessing/errors/__init__.py", line 362, in wrapper
    return f(*args, **kwargs)
  File "/users/chen123/SemiRDMA/.venv/lib/python3.10/site-packages/torch/distributed/run.py", line 990, in main
    run(args)
  File "/users/chen123/SemiRDMA/.venv/lib/python3.10/site-packages/torch/distributed/run.py", line 981, in run
    elastic_launch(
  File "/users/chen123/SemiRDMA/.venv/lib/python3.10/site-packages/torch/distributed/launcher/api.py", line 170, in __call__
    return launch_agent(self._config, self._entrypoint, list(args))
  File "/users/chen123/SemiRDMA/.venv/lib/python3.10/site-packages/torch/distributed/launcher/api.py", line 317, in launch_agent
    raise ChildFailedError(
torch.distributed.elastic.multiprocessing.errors.ChildFailedError: 
============================================================
/users/chen123/SemiRDMA/experiments/stage_a/train_cifar10.py FAILED
------------------------------------------------------------
Failures:
[1]:
  time      : 2026-05-02_13:13:50
  host      : amd247.utah.cloudlab.us
  rank      : 1 (local_rank: 1)
  exitcode  : -6 (pid: 84953)
  error_file: <N/A>
  traceback : Signal 6 (SIGABRT) received by PID 84953
------------------------------------------------------------
Root Cause (first observed failure):
[0]:
  time      : 2026-05-02_13:13:50
  host      : amd247.utah.cloudlab.us
  rank      : 0 (local_rank: 0)
  exitcode  : -6 (pid: 84952)
  error_file: <N/A>
  traceback : Signal 6 (SIGABRT) received by PID 84952
============================================================
