W0502 09:25:43.402000 80173 torch/distributed/run.py:851] 
W0502 09:25:43.402000 80173 torch/distributed/run.py:851] *****************************************
W0502 09:25:43.402000 80173 torch/distributed/run.py:851] Setting OMP_NUM_THREADS environment variable for each process to be 1 in default, to avoid your system being overloaded, please further tune the variable for optimal performance in your application as needed. 
W0502 09:25:43.402000 80173 torch/distributed/run.py:851] *****************************************
[2026-05-02 09:25:45,620][__main__][INFO] - Stage A config:
transport: clear_t1
loss_rate: 0.05
seed: 42
steps: 200
warmup_steps: 50
data:
  root: /users/chen123/data/cifar10
  download: false
  batch_size: 128
  num_workers: 2
  pin_memory: false
model:
  name: resnet18
  num_classes: 10
optim:
  name: sgd
  lr: 0.1
  momentum: 0.9
  weight_decay: 0.0005
dist:
  world_size: 2
  master_addr: 127.0.0.1
  master_port: 29500
  semirdma_port: 29768
transport_cfg:
  dev_name: mlx5_2
  buffer_bytes: 67108864
  chunk_bytes: 16384
  sq_depth: 4096
  rq_depth: 8192
  ratio: 0.95
  timeout_ms: 20
  gid_index: 1
  cp_recv_slots: 64
  cp_send_slots: 16
  repair_budget_bytes_per_step: 0
bucket_cap_mb: 512

[INFO]  Opened device: mlx5_2
[INFO]  Opened device: mlx5_2
[INFO]  Port active_mtu=5 (IBV_MTU_4096 enum)
[INFO]  Port active_mtu=5 (IBV_MTU_4096 enum)
[INFO]  Using GID index 1 (pinned via config)
[INFO]  Using GID index 1 (pinned via config)
[INFO]  Created UC QP, qpn=359
[INFO]  Created UC QP, qpn=360
[INFO]  Opened device: mlx5_2
[INFO]  Opened device: mlx5_2
[INFO]  Port active_mtu=5 (IBV_MTU_4096 enum)
[INFO]  Port active_mtu=5 (IBV_MTU_4096 enum)
[INFO]  Using GID index 1 (pinned via config)
[INFO]  Using GID index 1 (pinned via config)
[INFO]  Created RC QP, qpn=362
[INFO]  Created RC QP, qpn=361
[INFO]  Opened device: mlx5_2
[INFO]  Opened device: mlx5_2
[INFO]  Port active_mtu=5 (IBV_MTU_4096 enum)
[INFO]  Using GID index 1 (pinned via config)
[INFO]  Port active_mtu=5 (IBV_MTU_4096 enum)
[INFO]  Using GID index 1 (pinned via config)
[INFO]  Created UC QP, qpn=363
[INFO]  Created UC QP, qpn=364
[INFO]  Opened device: mlx5_2
[INFO]  Opened device: mlx5_2
[INFO]  Port active_mtu=5 (IBV_MTU_4096 enum)
[INFO]  Port active_mtu=5 (IBV_MTU_4096 enum)
[INFO]  Using GID index 1 (pinned via config)
[INFO]  Using GID index 1 (pinned via config)
[INFO]  Created RC QP, qpn=365
[INFO]  Created RC QP, qpn=366
[2026-05-02 09:25:46,438][semirdma._bootstrap][INFO] - bootstrap: listening on 127.0.0.1:29768
[2026-05-02 09:25:46,440][semirdma._bootstrap][INFO] - bootstrap: connected to 127.0.0.1:29768
[2026-05-02 09:25:46,440][semirdma._bootstrap][INFO] - bootstrap: peer ('127.0.0.1', 37856) connected
[2026-05-02 09:25:46,440][semirdma._bootstrap][INFO] - bootstrap: listening on 127.0.0.1:29769
[2026-05-02 09:25:46,640][semirdma._bootstrap][INFO] - bootstrap: connected to 127.0.0.1:29769
[2026-05-02 09:25:46,640][semirdma._bootstrap][INFO] - bootstrap: peer ('127.0.0.1', 45308) connected
[2026-05-02 09:25:46,641][semirdma._bootstrap][INFO] - bootstrap: listening on 127.0.0.1:29770
[2026-05-02 09:25:46,841][semirdma._bootstrap][INFO] - bootstrap: connected to 127.0.0.1:29770
[2026-05-02 09:25:46,841][semirdma._bootstrap][INFO] - bootstrap: peer ('127.0.0.1', 48810) connected
[2026-05-02 09:25:46,841][semirdma._bootstrap][INFO] - bootstrap: listening on 127.0.0.1:29771
[2026-05-02 09:25:46,842][semirdma._bootstrap][INFO] - bootstrap: connected to 127.0.0.1:29771
[2026-05-02 09:25:46,842][semirdma._bootstrap][INFO] - bootstrap: peer ('127.0.0.1', 42160) connected
[INFO]  QP -> INIT
[INFO]  QP -> INIT
[INFO]  QP -> RTR (dest_qpn=363)
[INFO]  QP -> RTR (dest_qpn=364)
[INFO]  QP -> RTS (sq_psn=0)
[INFO]  QP -> RTS (sq_psn=0)
[INFO]  QP -> INIT
[INFO]  QP -> INIT
[INFO]  QP -> RTR (dest_qpn=366)
[INFO]  RC params: timeout=14 (~67.1 ms) retry_cnt=7 rnr_retry=7 min_rnr_timer=12 max_rd_atomic=1
[INFO]  QP -> RTR (dest_qpn=365)
[INFO]  RC params: timeout=14 (~67.1 ms) retry_cnt=7 rnr_retry=7 min_rnr_timer=12 max_rd_atomic=1
[INFO]  QP -> RTS (sq_psn=0)
[INFO]  QP -> RTS (sq_psn=0)
[INFO]  QP -> INIT
[INFO]  QP -> INIT
[INFO]  QP -> RTR (dest_qpn=359)
[INFO]  QP -> RTR (dest_qpn=360)
[INFO]  QP -> RTS (sq_psn=0)
[INFO]  QP -> RTS (sq_psn=0)
[INFO]  QP -> INIT
[INFO]  QP -> INIT
[INFO]  QP -> RTR (dest_qpn=362)
[INFO]  RC params: timeout=14 (~67.1 ms) retry_cnt=7 rnr_retry=7 min_rnr_timer=12 max_rd_atomic=1
[INFO]  QP -> RTS (sq_psn=0)
[INFO]  QP -> RTR (dest_qpn=361)
[INFO]  RC params: timeout=14 (~67.1 ms) retry_cnt=7 rnr_retry=7 min_rnr_timer=12 max_rd_atomic=1
[INFO]  QP -> RTS (sq_psn=0)
[2026-05-02 09:25:59,143][__main__][INFO] - step=0 loss=2.4233 iter_ms=12143.4
[2026-05-02 09:35:42,912][__main__][INFO] - step=50 loss=2.0940 iter_ms=11772.2
[2026-05-02 09:45:25,519][__main__][INFO] - step=100 loss=1.8607 iter_ms=11651.7
[2026-05-02 09:55:11,201][__main__][INFO] - step=150 loss=1.7332 iter_ms=11611.9
[2026-05-02 10:04:42,797][__main__][INFO] - training done: 200 steps in 2336.0s
[2026-05-02 10:04:42,799][__main__][INFO] - wrote clear_perf.csv with 200 rows
terminate called without an active exception
terminate called without an active exception
W0502 10:04:43.018000 80173 torch/distributed/elastic/multiprocessing/api.py:1012] Sending process 80223 closing signal SIGTERM
E0502 10:04:43.082000 80173 torch/distributed/elastic/multiprocessing/api.py:986] failed (exitcode: -6) local_rank: 0 (pid: 80222) of binary: /users/chen123/SemiRDMA/.venv/bin/python3
Traceback (most recent call last):
  File "/users/chen123/SemiRDMA/.venv/bin/torchrun", line 6, in <module>
    sys.exit(main())
  File "/users/chen123/SemiRDMA/.venv/lib/python3.10/site-packages/torch/distributed/elastic/multiprocessing/errors/__init__.py", line 362, in wrapper
    return f(*args, **kwargs)
  File "/users/chen123/SemiRDMA/.venv/lib/python3.10/site-packages/torch/distributed/run.py", line 990, in main
    run(args)
  File "/users/chen123/SemiRDMA/.venv/lib/python3.10/site-packages/torch/distributed/run.py", line 981, in run
    elastic_launch(
  File "/users/chen123/SemiRDMA/.venv/lib/python3.10/site-packages/torch/distributed/launcher/api.py", line 170, in __call__
    return launch_agent(self._config, self._entrypoint, list(args))
  File "/users/chen123/SemiRDMA/.venv/lib/python3.10/site-packages/torch/distributed/launcher/api.py", line 317, in launch_agent
    raise ChildFailedError(
torch.distributed.elastic.multiprocessing.errors.ChildFailedError: 
============================================================
/users/chen123/SemiRDMA/experiments/stage_a/train_cifar10.py FAILED
------------------------------------------------------------
Failures:
[1]:
  time      : 2026-05-02_10:04:43
  host      : amd247.utah.cloudlab.us
  rank      : 1 (local_rank: 1)
  exitcode  : -6 (pid: 80223)
  error_file: <N/A>
  traceback : Signal 6 (SIGABRT) received by PID 80223
------------------------------------------------------------
Root Cause (first observed failure):
[0]:
  time      : 2026-05-02_10:04:43
  host      : amd247.utah.cloudlab.us
  rank      : 0 (local_rank: 0)
  exitcode  : -6 (pid: 80222)
  error_file: <N/A>
  traceback : Signal 6 (SIGABRT) received by PID 80222
============================================================
