[2026-04-23 05:59:51,409][__main__][INFO] - Stage A config:
transport: gloo
loss_rate: 0.0
seed: 123
steps: 100
warmup_steps: 10
data:
  root: ~/data/cifar10
  download: false
  batch_size: 128
  num_workers: 2
  pin_memory: false
model:
  name: resnet18
  num_classes: 10
optim:
  name: sgd
  lr: 0.1
  momentum: 0.9
  weight_decay: 0.0005
dist:
  world_size: 2
  master_addr: 10.10.1.1
  master_port: 29500
  semirdma_port: 30015
transport_cfg:
  dev_name: mlx5_2
  gid_index: 1
  buffer_bytes: 268435456
  chunk_bytes: 16384
  sq_depth: 512
  rq_depth: 16384
  ratio: 1.0
  timeout_ms: 60000

[2026-04-23 05:59:53,145][__main__][INFO] - step=0 loss=2.2914 iter_ms=944.4
[2026-04-23 06:00:33,110][__main__][INFO] - step=50 loss=2.0688 iter_ms=815.1
[2026-04-23 06:01:12,408][__main__][INFO] - training done: 100 steps in 80.3s
